#
# A fatal error has been detected by the Java Runtime Environment:
#
#  EXCEPTION_ACCESS_VIOLATION (0xc0000005) at pc=0x00007ffea0103681, pid=8984, tid=5460
#
# JRE version: OpenJDK Runtime Environment (17.0.2+8) (build 17.0.2+8-86)
# Java VM: OpenJDK 64-Bit Server VM (17.0.2+8-86, mixed mode, sharing, tiered, compressed oops, compressed class ptrs, g1 gc, windows-amd64)
# Problematic frame:
# V  [jvm.dll+0x3d3681]
#
# No core dump will be written. Minidumps are not enabled by default on client versions of Windows
#
# If you would like to submit a bug report, please visit:
#   https://bugreport.java.com/bugreport/crash.jsp
#

---------------  S U M M A R Y ------------

Command Line: -javaagent:C:\Program Files\JetBrains\IntelliJ IDEA Community Edition 2021.3.2\lib\idea_rt.jar=61128:C:\Program Files\JetBrains\IntelliJ IDEA Community Edition 2021.3.2\bin -Dfile.encoding=UTF-8 --module-path=C:\Users\Havel\IdeaProjects\JavaFX project\target\classes;C:\Users\Havel\.m2\repository\org\openjfx\javafx-fxml\17.0.1\javafx-fxml-17.0.1-win.jar;C:\Users\Havel\.m2\repository\org\openjfx\javafx-base\17.0.1\javafx-base-17.0.1-win.jar;C:\Users\Havel\.m2\repository\org\openjfx\javafx-graphics\17.0.1\javafx-graphics-17.0.1-win.jar;C:\Users\Havel\.m2\repository\org\openjfx\javafx-controls\17.0.1\javafx-controls-17.0.1-win.jar -Djdk.module.main=com.example.javafxproject com.example.javafxproject/com.example.javafxproject.Application

Host: AMD Ryzen 7 2700X Eight-Core Processor         , 16 cores, 31G,  Windows 10 , 64 bit Build 19041 (10.0.19041.1566)
Time: Thu Apr  7 12:17:38 2022 Arab Standard Time elapsed time: 2.837503 seconds (0d 0h 0m 2s)

---------------  T H R E A D  ---------------

Current thread (0x0000018b66b69e70):  JavaThread "InvokeLaterDispatcher" daemon [_thread_in_native_trans, id=5460, stack(0x0000002529c00000,0x0000002529d00000)]

Stack: [0x0000002529c00000,0x0000002529d00000],  sp=0x0000002529cff370,  free space=1020k
Native frames: (J=compiled Java code, j=interpreted, Vv=VM code, C=native code)
V  [jvm.dll+0x3d3681]
C  [glass.dll+0xa921]

Java frames: (J=compiled Java code, j=interpreted, Vv=VM code)
j  com.sun.glass.ui.win.WinApplication._submitForLaterInvocation(Ljava/lang/Runnable;)V+0 javafx.graphics
j  com.sun.glass.ui.win.WinApplication.submitForLaterInvocation(Ljava/lang/Runnable;)V+2 javafx.graphics
j  com.sun.glass.ui.InvokeLaterDispatcher.run()V+82 javafx.graphics
v  ~StubRoutines::call_stub

siginfo: EXCEPTION_ACCESS_VIOLATION (0xc0000005), reading address 0x0000018b66bea198


Register to memory mapping:

RIP=0x00007ffea0103681 jvm.dll
RAX=0xfffffffffffffffe is an unknown value
RBX=0x0 is NULL
RCX=0x0000018b66b6a118 points into unknown readable memory: 0x00007ffea07b5640 | 40 56 7b a0 fe 7f 00 00
RDX=0x0000002529cff488 is pointing into the stack for thread: 0x0000018b66b69e70
RSP=0x0000002529cff370 is pointing into the stack for thread: 0x0000018b66b69e70
RBP=0x0000002529cff488 is pointing into the stack for thread: 0x0000018b66b69e70
RSI=0x0000002529cff488 is pointing into the stack for thread: 0x0000018b66b69e70
RDI=0x0000018b66b69e70 is a thread
R8 =0x00007ffea07b5640 jvm.dll
R9 =0x0000000000000040 is an unknown value
R10=0x0000000000000040 is an unknown value
R11=0xfddeff77de3406f3 is an unknown value
R12=0x0 is NULL
R13={method} {0x0000018b670e6df8} '_submitForLaterInvocation' '(Ljava/lang/Runnable;)V' in 'com/sun/glass/ui/win/WinApplication'
R14=0x0000002529cff490 is pointing into the stack for thread: 0x0000018b66b69e70
R15=0x0000018b66b69e70 is a thread


Registers:
RAX=0xfffffffffffffffe, RBX=0x0000000000000000, RCX=0x0000018b66b6a118, RDX=0x0000002529cff488
RSP=0x0000002529cff370, RBP=0x0000002529cff488, RSI=0x0000002529cff488, RDI=0x0000018b66b69e70
R8 =0x00007ffea07b5640, R9 =0x0000000000000040, R10=0x0000000000000040, R11=0xfddeff77de3406f3
R12=0x0000000000000000, R13=0x0000018b670e6df0, R14=0x0000002529cff490, R15=0x0000018b66b69e70
RIP=0x00007ffea0103681, EFLAGS=0x0000000000010246

Top of Stack: (sp=0x0000002529cff370)
0x0000002529cff370:   0000000000000000 0000000000000000
0x0000002529cff380:   0000002529cff488 00007ffecdc7f5ac
0x0000002529cff390:   0000000000000000 0000000000000000
0x0000002529cff3a0:   0000018b68da90e0 000000061f808ad8
0x0000002529cff3b0:   0000000000000000 00007ffecdc6a921
0x0000002529cff3c0:   0000018b66b6a118 0000018b68da90e0
0x0000002529cff3d0:   0000018b66b6a118 0000000000000001
0x0000002529cff3e0:   000000000000015f 0000018b412ad621
0x0000002529cff3f0:   0000018b670e6df0 0000002529cff468
0x0000002529cff400:   0000000000000000 0000018b66dc22c0
0x0000002529cff410:   0000002529cff4c8 0000018b41c2850c
0x0000002529cff420:   0000002529cff420 0000000000000000
0x0000002529cff430:   0000002529cff490 0000018b671097e0
0x0000002529cff440:   0000000000000000 000000061f9ba490
0x0000002529cff450:   0000018b670e6df0 0000000000000000
0x0000002529cff460:   0000002529cff488 0000002529cff4e0 

Instructions: (pc=0x00007ffea0103681)
0x00007ffea0103581:   b1 18 01 00 00 e8 25 2f 03 00 48 85 db 74 03 48
0x00007ffea0103591:   8b 33 45 33 c0 48 8b d6 48 8b cf e8 2f 2c 03 00
0x00007ffea01035a1:   48 8b e8 48 83 7c 24 28 00 48 8b 74 24 60 74 0a
0x00007ffea01035b1:   48 8d 4c 24 20 e8 e5 7f 2c 00 48 8b 9f e8 00 00
0x00007ffea01035c1:   00 48 8b 4b 10 48 83 39 00 74 0c 48 8b cb e8 6c
0x00007ffea01035d1:   3d f7 ff 48 8b 4b 10 48 8b 43 08 48 8b d7 48 89
0x00007ffea01035e1:   48 10 48 8b 4b 08 48 8b 43 18 48 89 41 18 48 8b
0x00007ffea01035f1:   4b 08 48 8b 43 20 48 89 41 20 48 8d 8f 88 02 00
0x00007ffea0103601:   00 e8 b9 31 ef ff c7 87 38 03 00 00 04 00 00 00
0x00007ffea0103611:   48 8b c5 48 83 c4 40 5f 5d 5b c3 cc cc cc cc 48
0x00007ffea0103621:   89 5c 24 10 48 89 74 24 18 57 48 83 ec 40 8b 81
0x00007ffea0103631:   b8 00 00 00 48 8d b9 58 fd ff ff 05 55 21 ff ff
0x00007ffea0103641:   33 db 48 8b f2 83 f8 01 76 0a 48 8b cf e8 4d c8
0x00007ffea0103651:   3a 00 8b fb c7 87 38 03 00 00 05 00 00 00 e8 2c
0x00007ffea0103661:   e8 28 00 48 8b 87 40 03 00 00 a8 01 74 0a b2 01
0x00007ffea0103671:   48 8b cf e8 67 df 2f 00 39 9f 2c 03 00 00 75 0a
0x00007ffea0103681:   8b 87 28 03 00 00 a8 0c 74 0a 33 d2 48 8b cf e8
0x00007ffea0103691:   eb ef 3a 00 c7 87 38 03 00 00 06 00 00 00 48 89
0x00007ffea01036a1:   7c 24 20 48 89 5c 24 28 48 39 5f 08 74 0a 48 8d
0x00007ffea01036b1:   4c 24 20 e8 47 7e 2c 00 48 85 f6 74 7b 48 89 6c
0x00007ffea01036c1:   24 50 40 f6 c6 01 74 0c 48 8d 4e ff ff 15 8d f7
0x00007ffea01036d1:   6a 00 eb 09 48 8b ce ff 15 42 79 6a 00 48 8b e8
0x00007ffea01036e1:   48 85 c0 74 4e 48 8b b7 38 02 00 00 48 8b 5e 18
0x00007ffea01036f1:   48 83 fb f7 76 18 4c 8d 05 3a f1 4d 00 ba 08 00
0x00007ffea0103701:   00 00 48 8b ce e8 45 77 cd ff 48 8b 5e 18 48 8d
0x00007ffea0103711:   43 08 48 3b 46 20 76 14 45 33 c0 48 8b ce 41 8d
0x00007ffea0103721:   50 08 e8 a8 73 cd ff 48 8b d8 eb 04 48 89 46 18
0x00007ffea0103731:   48 89 2b 48 8b 6c 24 50 ba 01 00 00 00 48 8b cb
0x00007ffea0103741:   e8 da 29 03 00 48 83 7c 24 28 00 48 8b f0 74 0a
0x00007ffea0103751:   48 8d 4c 24 20 e8 45 7e 2c 00 48 8b 9f e8 00 00
0x00007ffea0103761:   00 48 8b 4b 10 48 83 39 00 74 0c 48 8b cb e8 cc
0x00007ffea0103771:   3b f7 ff 48 8b 4b 10 48 8b 43 08 48 8b d7 48 89 


Stack slot to memory mapping:
stack at sp + 0 slots: 0x0 is NULL
stack at sp + 1 slots: 0x0 is NULL
stack at sp + 2 slots: 0x0000002529cff488 is pointing into the stack for thread: 0x0000018b66b69e70
stack at sp + 3 slots: 0x00007ffecdc7f5ac glass.dll
stack at sp + 4 slots: 0x0 is NULL
stack at sp + 5 slots: 0x0 is NULL
stack at sp + 6 slots: 0x0000018b68da90e0 points into unknown readable memory: 0x00007ffecdc889d0 | d0 89 c8 cd fe 7f 00 00
stack at sp + 7 slots: 0x000000061f808ad8 is an oop: com.sun.glass.ui.InvokeLaterDispatcher 
{0x000000061f808ad8} - klass: 'com/sun/glass/ui/InvokeLaterDispatcher'
 - ---- fields (total size 48 words):
 - private 'priority' 'I' @12  5
 - private 'eetop' 'J' @16  1698235326064 (66b69e70 18b)
 - private final 'stackSize' 'J' @24  0 (0 0)
 - private final 'tid' 'J' @32  26 (1a 0)
 - private volatile 'threadStatus' 'I' @40  5
 - private 'daemon' 'Z' @44  true
 - private volatile 'interrupted' 'Z' @45  false
 - private 'stillborn' 'Z' @46  false
 - private volatile 'name' 'Ljava/lang/String;' @48  "InvokeLaterDispatcher"{0x000000061f8095a0} (c3f012b4)
 - private 'target' 'Ljava/lang/Runnable;' @52  NULL (0)
 - private 'group' 'Ljava/lang/ThreadGroup;' @56  a 'java/lang/ThreadGroup'{0x000000061f81a7c0} (c3f034f8)
 - private 'contextClassLoader' 'Ljava/lang/ClassLoader;' @60  a 'jdk/internal/loader/ClassLoaders$AppClassLoader'{0x000000061f8003e0} (c3f0007c)
 - private 'inheritedAccessControlContext' 'Ljava/security/AccessControlContext;' @64  a 'java/security/AccessControlContext'{0x000000061f8095e0} (c3f012bc)
 - 'threadLocals' 'Ljava/lang/ThreadLocal$ThreadLocalMap;' @68  NULL (0)
 - 'inheritableThreadLocals' 'Ljava/lang/ThreadLocal$ThreadLocalMap;' @72  NULL (0)
 - volatile 'parkBlocker' 'Ljava/lang/Object;' @76  NULL (0)
 - private volatile 'blocker' 'Lsun/nio/ch/Interruptible;' @80  NULL (0)
 - private final 'blockerLock' 'Ljava/lang/Object;' @84  a 'java/lang/Object'{0x000000061f809620} (c3f012c4)
 - private volatile 'uncaughtExceptionHandler' 'Ljava/lang/Thread$UncaughtExceptionHandler;' @88  NULL (0)
 - 'threadLocalRandomSeed' 'J' @224  0 (0 0)
 - 'threadLocalRandomProbe' 'I' @232  0
 - 'threadLocalRandomSecondarySeed' 'I' @236  0
 - private 'nestedEventLoopEntered' 'Z' @368  false
 - private volatile 'leavingNestedEventLoop' 'Z' @369  false
 - private final 'deque' 'Ljava/util/concurrent/BlockingDeque;' @372  a 'java/util/concurrent/LinkedBlockingDeque'{0x000000061f809630} (c3f012c6)
 - private final 'LOCK' 'Ljava/lang/Object;' @376  a 'java/lang/StringBuilder'{0x000000061f808c58} (c3f0118b)
 - private final 'invokeLaterSubmitter' 'Lcom/sun/glass/ui/InvokeLaterDispatcher$InvokeLaterSubmitter;' @380  a 'com/sun/glass/ui/win/WinApplication'{0x000000061f836ce0} (c3f06d9c)


---------------  P R O C E S S  ---------------

Threads class SMR info:
_java_thread_list=0x0000018b68cfbba0, length=22, elements={
0x0000018b39a4eeb0, 0x0000018b66b548d0, 0x0000018b66b57750, 0x0000018b66b694d0,
0x0000018b66b6b680, 0x0000018b66b6c020, 0x0000018b66b69000, 0x0000018b675058c0,
0x0000018b675061c0, 0x0000018b67519290, 0x0000018b675c0650, 0x0000018b66b68660,
0x0000018b676a0100, 0x0000018b676a0610, 0x0000018b66b6ace0, 0x0000018b66b6b1b0,
0x0000018b66b699a0, 0x0000018b66b69e70, 0x0000018b66b6a340, 0x0000018b686bba90,
0x0000018b686b7c00, 0x0000018b686b80d0
}

Java Threads: ( => current thread )
  0x0000018b39a4eeb0 JavaThread "main" [_thread_blocked, id=8812, stack(0x0000002527f00000,0x0000002528000000)]
  0x0000018b66b548d0 JavaThread "Reference Handler" daemon [_thread_blocked, id=5684, stack(0x0000002528600000,0x0000002528700000)]
  0x0000018b66b57750 JavaThread "Finalizer" daemon [_thread_blocked, id=5840, stack(0x0000002528700000,0x0000002528800000)]
  0x0000018b66b694d0 JavaThread "Signal Dispatcher" daemon [_thread_blocked, id=12336, stack(0x0000002528800000,0x0000002528900000)]
  0x0000018b66b6b680 JavaThread "Attach Listener" daemon [_thread_blocked, id=8592, stack(0x0000002528900000,0x0000002528a00000)]
  0x0000018b66b6c020 JavaThread "Service Thread" daemon [_thread_blocked, id=7832, stack(0x0000002528a00000,0x0000002528b00000)]
  0x0000018b66b69000 JavaThread "Monitor Deflation Thread" daemon [_thread_blocked, id=10508, stack(0x0000002528b00000,0x0000002528c00000)]
  0x0000018b675058c0 JavaThread "C2 CompilerThread0" daemon [_thread_blocked, id=8424, stack(0x0000002528c00000,0x0000002528d00000)]
  0x0000018b675061c0 JavaThread "C1 CompilerThread0" daemon [_thread_blocked, id=11556, stack(0x0000002528d00000,0x0000002528e00000)]
  0x0000018b67519290 JavaThread "Sweeper thread" daemon [_thread_blocked, id=14836, stack(0x0000002528e00000,0x0000002528f00000)]
  0x0000018b675c0650 JavaThread "C1 CompilerThread1" daemon [_thread_blocked, id=4780, stack(0x0000002528f00000,0x0000002529000000)]
  0x0000018b66b68660 JavaThread "Common-Cleaner" daemon [_thread_blocked, id=15344, stack(0x0000002529000000,0x0000002529100000)]
  0x0000018b676a0100 JavaThread "C1 CompilerThread2" daemon [_thread_blocked, id=3068, stack(0x0000002529100000,0x0000002529200000)]
  0x0000018b676a0610 JavaThread "C1 CompilerThread3" daemon [_thread_blocked, id=14904, stack(0x0000002529200000,0x0000002529300000)]
  0x0000018b66b6ace0 JavaThread "Monitor Ctrl-Break" daemon [_thread_in_native, id=9764, stack(0x0000002529700000,0x0000002529800000)]
  0x0000018b66b6b1b0 JavaThread "Notification Thread" daemon [_thread_blocked, id=2256, stack(0x0000002529800000,0x0000002529900000)]
  0x0000018b66b699a0 JavaThread "QuantumRenderer-0" daemon [_thread_blocked, id=9200, stack(0x0000002529a00000,0x0000002529b00000)]
=>0x0000018b66b69e70 JavaThread "InvokeLaterDispatcher" daemon [_thread_in_native_trans, id=5460, stack(0x0000002529c00000,0x0000002529d00000)]
  0x0000018b66b6a340 JavaThread "JavaFX Application Thread" [_thread_in_native, id=14492, stack(0x0000002529d00000,0x0000002529e00000)]
  0x0000018b686bba90 JavaThread "JavaFX-Launcher" [_thread_blocked, id=4708, stack(0x0000002529400000,0x0000002529500000)]
  0x0000018b686b7c00 JavaThread "Thread-2" daemon [_thread_in_vm, id=1400, stack(0x0000002529300000,0x0000002529400000)]
  0x0000018b686b80d0 JavaThread "Thread-3" [_thread_blocked, id=3412, stack(0x000000252a900000,0x000000252aa00000)]

Other Threads:
  0x0000018b66b4a8b0 VMThread "VM Thread" [stack: 0x0000002528500000,0x0000002528600000] [id=14672]
  0x0000018b6765e000 WatcherThread [stack: 0x0000002529900000,0x0000002529a00000] [id=13704]
  0x0000018b39ac3e60 GCTaskThread "GC Thread#0" [stack: 0x0000002528000000,0x0000002528100000] [id=1976]
  0x0000018b68c0b400 GCTaskThread "GC Thread#1" [stack: 0x0000002529500000,0x0000002529600000] [id=8580]
  0x0000018b683a3600 GCTaskThread "GC Thread#2" [stack: 0x0000002529f00000,0x000000252a000000] [id=14040]
  0x0000018b6876cab0 GCTaskThread "GC Thread#3" [stack: 0x000000252a000000,0x000000252a100000] [id=12400]
  0x0000018b68774340 GCTaskThread "GC Thread#4" [stack: 0x000000252a100000,0x000000252a200000] [id=11632]
  0x0000018b687745f0 GCTaskThread "GC Thread#5" [stack: 0x000000252a200000,0x000000252a300000] [id=3924]
  0x0000018b687748a0 GCTaskThread "GC Thread#6" [stack: 0x000000252a300000,0x000000252a400000] [id=10396]
  0x0000018b68774b50 GCTaskThread "GC Thread#7" [stack: 0x000000252a400000,0x000000252a500000] [id=5672]
  0x0000018b68769690 GCTaskThread "GC Thread#8" [stack: 0x000000252a500000,0x000000252a600000] [id=1680]
  0x0000018b68769940 GCTaskThread "GC Thread#9" [stack: 0x000000252a600000,0x000000252a700000] [id=12900]
  0x0000018b68769bf0 GCTaskThread "GC Thread#10" [stack: 0x000000252a700000,0x000000252a800000] [id=10048]
  0x0000018b68cc68d0 GCTaskThread "GC Thread#11" [stack: 0x000000252a800000,0x000000252a900000] [id=9292]
  0x0000018b39ad5d00 ConcurrentGCThread "G1 Main Marker" [stack: 0x0000002528100000,0x0000002528200000] [id=624]
  0x0000018b39ad7ec0 ConcurrentGCThread "G1 Conc#0" [stack: 0x0000002528200000,0x0000002528300000] [id=7644]
  0x0000018b39b2e9d0 ConcurrentGCThread "G1 Refine#0" [stack: 0x0000002528300000,0x0000002528400000] [id=4276]
  0x0000018b66a04a40 ConcurrentGCThread "G1 Service" [stack: 0x0000002528400000,0x0000002528500000] [id=7016]

Threads with active compile tasks:

VM state: not at safepoint (normal execution)

VM Mutex/Monitor currently owned by a thread: None

Heap address: 0x0000000601400000, size: 8172 MB, Compressed Oops mode: Zero based, Oop shift amount: 3

CDS archive(s) mapped at: [0x0000000800000000-0x0000000800bc0000-0x0000000800bc0000), size 12320768, SharedBaseAddress: 0x0000000800000000, ArchiveRelocationMode: 0.
Compressed class space mapped at: 0x0000000800c00000-0x0000000840c00000, reserved size: 1073741824
Narrow klass base: 0x0000000800000000, Narrow klass shift: 0, Narrow klass range: 0x100000000

GC Precious Log:
 CPUs: 16 total, 16 available
 Memory: 32678M
 Large Page Support: Disabled
 NUMA Support: Disabled
 Compressed Oops: Enabled (Zero based)
 Heap Region Size: 4M
 Heap Min Capacity: 8M
 Heap Initial Capacity: 512M
 Heap Max Capacity: 8172M
 Pre-touch: Disabled
 Parallel Workers: 13
 Concurrent Workers: 3
 Concurrent Refinement Workers: 13
 Periodic GC: Disabled

Heap:
 garbage-first heap   total 524288K, used 23186K [0x0000000601400000, 0x0000000800000000)
  region size 4096K, 7 young (28672K), 1 survivors (4096K)
 Metaspace       used 10520K, committed 10688K, reserved 1064960K
  class space    used 1346K, committed 1408K, reserved 1048576K

Heap Regions: E=young(eden), S=young(survivor), O=old, HS=humongous(starts), HC=humongous(continues), CS=collection set, F=free, OA=open archive, CA=closed archive, TAMS=top-at-mark-start (previous, next)
|   0|0x0000000601400000, 0x0000000601400000, 0x0000000601800000|  0%| F|  |TAMS 0x0000000601400000, 0x0000000601400000| Untracked 
|   1|0x0000000601800000, 0x0000000601800000, 0x0000000601c00000|  0%| F|  |TAMS 0x0000000601800000, 0x0000000601800000| Untracked 
|   2|0x0000000601c00000, 0x0000000601c00000, 0x0000000602000000|  0%| F|  |TAMS 0x0000000601c00000, 0x0000000601c00000| Untracked 
|   3|0x0000000602000000, 0x0000000602000000, 0x0000000602400000|  0%| F|  |TAMS 0x0000000602000000, 0x0000000602000000| Untracked 
|   4|0x0000000602400000, 0x0000000602400000, 0x0000000602800000|  0%| F|  |TAMS 0x0000000602400000, 0x0000000602400000| Untracked 
|   5|0x0000000602800000, 0x0000000602800000, 0x0000000602c00000|  0%| F|  |TAMS 0x0000000602800000, 0x0000000602800000| Untracked 
|   6|0x0000000602c00000, 0x0000000602c00000, 0x0000000603000000|  0%| F|  |TAMS 0x0000000602c00000, 0x0000000602c00000| Untracked 
|   7|0x0000000603000000, 0x0000000603000000, 0x0000000603400000|  0%| F|  |TAMS 0x0000000603000000, 0x0000000603000000| Untracked 
|   8|0x0000000603400000, 0x0000000603400000, 0x0000000603800000|  0%| F|  |TAMS 0x0000000603400000, 0x0000000603400000| Untracked 
|   9|0x0000000603800000, 0x0000000603800000, 0x0000000603c00000|  0%| F|  |TAMS 0x0000000603800000, 0x0000000603800000| Untracked 
|  10|0x0000000603c00000, 0x0000000603c00000, 0x0000000604000000|  0%| F|  |TAMS 0x0000000603c00000, 0x0000000603c00000| Untracked 
|  11|0x0000000604000000, 0x0000000604000000, 0x0000000604400000|  0%| F|  |TAMS 0x0000000604000000, 0x0000000604000000| Untracked 
|  12|0x0000000604400000, 0x0000000604400000, 0x0000000604800000|  0%| F|  |TAMS 0x0000000604400000, 0x0000000604400000| Untracked 
|  13|0x0000000604800000, 0x0000000604800000, 0x0000000604c00000|  0%| F|  |TAMS 0x0000000604800000, 0x0000000604800000| Untracked 
|  14|0x0000000604c00000, 0x0000000604c00000, 0x0000000605000000|  0%| F|  |TAMS 0x0000000604c00000, 0x0000000604c00000| Untracked 
|  15|0x0000000605000000, 0x0000000605000000, 0x0000000605400000|  0%| F|  |TAMS 0x0000000605000000, 0x0000000605000000| Untracked 
|  16|0x0000000605400000, 0x0000000605400000, 0x0000000605800000|  0%| F|  |TAMS 0x0000000605400000, 0x0000000605400000| Untracked 
|  17|0x0000000605800000, 0x0000000605800000, 0x0000000605c00000|  0%| F|  |TAMS 0x0000000605800000, 0x0000000605800000| Untracked 
|  18|0x0000000605c00000, 0x0000000605c00000, 0x0000000606000000|  0%| F|  |TAMS 0x0000000605c00000, 0x0000000605c00000| Untracked 
|  19|0x0000000606000000, 0x0000000606000000, 0x0000000606400000|  0%| F|  |TAMS 0x0000000606000000, 0x0000000606000000| Untracked 
|  20|0x0000000606400000, 0x0000000606400000, 0x0000000606800000|  0%| F|  |TAMS 0x0000000606400000, 0x0000000606400000| Untracked 
|  21|0x0000000606800000, 0x0000000606800000, 0x0000000606c00000|  0%| F|  |TAMS 0x0000000606800000, 0x0000000606800000| Untracked 
|  22|0x0000000606c00000, 0x0000000606c00000, 0x0000000607000000|  0%| F|  |TAMS 0x0000000606c00000, 0x0000000606c00000| Untracked 
|  23|0x0000000607000000, 0x0000000607000000, 0x0000000607400000|  0%| F|  |TAMS 0x0000000607000000, 0x0000000607000000| Untracked 
|  24|0x0000000607400000, 0x0000000607400000, 0x0000000607800000|  0%| F|  |TAMS 0x0000000607400000, 0x0000000607400000| Untracked 
|  25|0x0000000607800000, 0x0000000607800000, 0x0000000607c00000|  0%| F|  |TAMS 0x0000000607800000, 0x0000000607800000| Untracked 
|  26|0x0000000607c00000, 0x0000000607c00000, 0x0000000608000000|  0%| F|  |TAMS 0x0000000607c00000, 0x0000000607c00000| Untracked 
|  27|0x0000000608000000, 0x0000000608000000, 0x0000000608400000|  0%| F|  |TAMS 0x0000000608000000, 0x0000000608000000| Untracked 
|  28|0x0000000608400000, 0x0000000608400000, 0x0000000608800000|  0%| F|  |TAMS 0x0000000608400000, 0x0000000608400000| Untracked 
|  29|0x0000000608800000, 0x0000000608800000, 0x0000000608c00000|  0%| F|  |TAMS 0x0000000608800000, 0x0000000608800000| Untracked 
|  30|0x0000000608c00000, 0x0000000608c00000, 0x0000000609000000|  0%| F|  |TAMS 0x0000000608c00000, 0x0000000608c00000| Untracked 
|  31|0x0000000609000000, 0x0000000609000000, 0x0000000609400000|  0%| F|  |TAMS 0x0000000609000000, 0x0000000609000000| Untracked 
|  32|0x0000000609400000, 0x0000000609400000, 0x0000000609800000|  0%| F|  |TAMS 0x0000000609400000, 0x0000000609400000| Untracked 
|  33|0x0000000609800000, 0x0000000609800000, 0x0000000609c00000|  0%| F|  |TAMS 0x0000000609800000, 0x0000000609800000| Untracked 
|  34|0x0000000609c00000, 0x0000000609c00000, 0x000000060a000000|  0%| F|  |TAMS 0x0000000609c00000, 0x0000000609c00000| Untracked 
|  35|0x000000060a000000, 0x000000060a000000, 0x000000060a400000|  0%| F|  |TAMS 0x000000060a000000, 0x000000060a000000| Untracked 
|  36|0x000000060a400000, 0x000000060a400000, 0x000000060a800000|  0%| F|  |TAMS 0x000000060a400000, 0x000000060a400000| Untracked 
|  37|0x000000060a800000, 0x000000060a800000, 0x000000060ac00000|  0%| F|  |TAMS 0x000000060a800000, 0x000000060a800000| Untracked 
|  38|0x000000060ac00000, 0x000000060ac00000, 0x000000060b000000|  0%| F|  |TAMS 0x000000060ac00000, 0x000000060ac00000| Untracked 
|  39|0x000000060b000000, 0x000000060b000000, 0x000000060b400000|  0%| F|  |TAMS 0x000000060b000000, 0x000000060b000000| Untracked 
|  40|0x000000060b400000, 0x000000060b400000, 0x000000060b800000|  0%| F|  |TAMS 0x000000060b400000, 0x000000060b400000| Untracked 
|  41|0x000000060b800000, 0x000000060b800000, 0x000000060bc00000|  0%| F|  |TAMS 0x000000060b800000, 0x000000060b800000| Untracked 
|  42|0x000000060bc00000, 0x000000060bc00000, 0x000000060c000000|  0%| F|  |TAMS 0x000000060bc00000, 0x000000060bc00000| Untracked 
|  43|0x000000060c000000, 0x000000060c000000, 0x000000060c400000|  0%| F|  |TAMS 0x000000060c000000, 0x000000060c000000| Untracked 
|  44|0x000000060c400000, 0x000000060c400000, 0x000000060c800000|  0%| F|  |TAMS 0x000000060c400000, 0x000000060c400000| Untracked 
|  45|0x000000060c800000, 0x000000060c800000, 0x000000060cc00000|  0%| F|  |TAMS 0x000000060c800000, 0x000000060c800000| Untracked 
|  46|0x000000060cc00000, 0x000000060cc00000, 0x000000060d000000|  0%| F|  |TAMS 0x000000060cc00000, 0x000000060cc00000| Untracked 
|  47|0x000000060d000000, 0x000000060d000000, 0x000000060d400000|  0%| F|  |TAMS 0x000000060d000000, 0x000000060d000000| Untracked 
|  48|0x000000060d400000, 0x000000060d400000, 0x000000060d800000|  0%| F|  |TAMS 0x000000060d400000, 0x000000060d400000| Untracked 
|  49|0x000000060d800000, 0x000000060d800000, 0x000000060dc00000|  0%| F|  |TAMS 0x000000060d800000, 0x000000060d800000| Untracked 
|  50|0x000000060dc00000, 0x000000060dc00000, 0x000000060e000000|  0%| F|  |TAMS 0x000000060dc00000, 0x000000060dc00000| Untracked 
|  51|0x000000060e000000, 0x000000060e000000, 0x000000060e400000|  0%| F|  |TAMS 0x000000060e000000, 0x000000060e000000| Untracked 
|  52|0x000000060e400000, 0x000000060e400000, 0x000000060e800000|  0%| F|  |TAMS 0x000000060e400000, 0x000000060e400000| Untracked 
|  53|0x000000060e800000, 0x000000060e800000, 0x000000060ec00000|  0%| F|  |TAMS 0x000000060e800000, 0x000000060e800000| Untracked 
|  54|0x000000060ec00000, 0x000000060ec00000, 0x000000060f000000|  0%| F|  |TAMS 0x000000060ec00000, 0x000000060ec00000| Untracked 
|  55|0x000000060f000000, 0x000000060f000000, 0x000000060f400000|  0%| F|  |TAMS 0x000000060f000000, 0x000000060f000000| Untracked 
|  56|0x000000060f400000, 0x000000060f400000, 0x000000060f800000|  0%| F|  |TAMS 0x000000060f400000, 0x000000060f400000| Untracked 
|  57|0x000000060f800000, 0x000000060f800000, 0x000000060fc00000|  0%| F|  |TAMS 0x000000060f800000, 0x000000060f800000| Untracked 
|  58|0x000000060fc00000, 0x000000060fc00000, 0x0000000610000000|  0%| F|  |TAMS 0x000000060fc00000, 0x000000060fc00000| Untracked 
|  59|0x0000000610000000, 0x0000000610000000, 0x0000000610400000|  0%| F|  |TAMS 0x0000000610000000, 0x0000000610000000| Untracked 
|  60|0x0000000610400000, 0x0000000610400000, 0x0000000610800000|  0%| F|  |TAMS 0x0000000610400000, 0x0000000610400000| Untracked 
|  61|0x0000000610800000, 0x0000000610800000, 0x0000000610c00000|  0%| F|  |TAMS 0x0000000610800000, 0x0000000610800000| Untracked 
|  62|0x0000000610c00000, 0x0000000610c00000, 0x0000000611000000|  0%| F|  |TAMS 0x0000000610c00000, 0x0000000610c00000| Untracked 
|  63|0x0000000611000000, 0x0000000611000000, 0x0000000611400000|  0%| F|  |TAMS 0x0000000611000000, 0x0000000611000000| Untracked 
|  64|0x0000000611400000, 0x0000000611400000, 0x0000000611800000|  0%| F|  |TAMS 0x0000000611400000, 0x0000000611400000| Untracked 
|  65|0x0000000611800000, 0x0000000611800000, 0x0000000611c00000|  0%| F|  |TAMS 0x0000000611800000, 0x0000000611800000| Untracked 
|  66|0x0000000611c00000, 0x0000000611c00000, 0x0000000612000000|  0%| F|  |TAMS 0x0000000611c00000, 0x0000000611c00000| Untracked 
|  67|0x0000000612000000, 0x0000000612000000, 0x0000000612400000|  0%| F|  |TAMS 0x0000000612000000, 0x0000000612000000| Untracked 
|  68|0x0000000612400000, 0x0000000612400000, 0x0000000612800000|  0%| F|  |TAMS 0x0000000612400000, 0x0000000612400000| Untracked 
|  69|0x0000000612800000, 0x0000000612800000, 0x0000000612c00000|  0%| F|  |TAMS 0x0000000612800000, 0x0000000612800000| Untracked 
|  70|0x0000000612c00000, 0x0000000612c00000, 0x0000000613000000|  0%| F|  |TAMS 0x0000000612c00000, 0x0000000612c00000| Untracked 
|  71|0x0000000613000000, 0x0000000613000000, 0x0000000613400000|  0%| F|  |TAMS 0x0000000613000000, 0x0000000613000000| Untracked 
|  72|0x0000000613400000, 0x0000000613400000, 0x0000000613800000|  0%| F|  |TAMS 0x0000000613400000, 0x0000000613400000| Untracked 
|  73|0x0000000613800000, 0x0000000613800000, 0x0000000613c00000|  0%| F|  |TAMS 0x0000000613800000, 0x0000000613800000| Untracked 
|  74|0x0000000613c00000, 0x0000000613c00000, 0x0000000614000000|  0%| F|  |TAMS 0x0000000613c00000, 0x0000000613c00000| Untracked 
|  75|0x0000000614000000, 0x0000000614000000, 0x0000000614400000|  0%| F|  |TAMS 0x0000000614000000, 0x0000000614000000| Untracked 
|  76|0x0000000614400000, 0x0000000614400000, 0x0000000614800000|  0%| F|  |TAMS 0x0000000614400000, 0x0000000614400000| Untracked 
|  77|0x0000000614800000, 0x0000000614800000, 0x0000000614c00000|  0%| F|  |TAMS 0x0000000614800000, 0x0000000614800000| Untracked 
|  78|0x0000000614c00000, 0x0000000614c00000, 0x0000000615000000|  0%| F|  |TAMS 0x0000000614c00000, 0x0000000614c00000| Untracked 
|  79|0x0000000615000000, 0x0000000615000000, 0x0000000615400000|  0%| F|  |TAMS 0x0000000615000000, 0x0000000615000000| Untracked 
|  80|0x0000000615400000, 0x0000000615400000, 0x0000000615800000|  0%| F|  |TAMS 0x0000000615400000, 0x0000000615400000| Untracked 
|  81|0x0000000615800000, 0x0000000615800000, 0x0000000615c00000|  0%| F|  |TAMS 0x0000000615800000, 0x0000000615800000| Untracked 
|  82|0x0000000615c00000, 0x0000000615c00000, 0x0000000616000000|  0%| F|  |TAMS 0x0000000615c00000, 0x0000000615c00000| Untracked 
|  83|0x0000000616000000, 0x0000000616000000, 0x0000000616400000|  0%| F|  |TAMS 0x0000000616000000, 0x0000000616000000| Untracked 
|  84|0x0000000616400000, 0x0000000616400000, 0x0000000616800000|  0%| F|  |TAMS 0x0000000616400000, 0x0000000616400000| Untracked 
|  85|0x0000000616800000, 0x0000000616800000, 0x0000000616c00000|  0%| F|  |TAMS 0x0000000616800000, 0x0000000616800000| Untracked 
|  86|0x0000000616c00000, 0x0000000616c00000, 0x0000000617000000|  0%| F|  |TAMS 0x0000000616c00000, 0x0000000616c00000| Untracked 
|  87|0x0000000617000000, 0x0000000617000000, 0x0000000617400000|  0%| F|  |TAMS 0x0000000617000000, 0x0000000617000000| Untracked 
|  88|0x0000000617400000, 0x0000000617400000, 0x0000000617800000|  0%| F|  |TAMS 0x0000000617400000, 0x0000000617400000| Untracked 
|  89|0x0000000617800000, 0x0000000617800000, 0x0000000617c00000|  0%| F|  |TAMS 0x0000000617800000, 0x0000000617800000| Untracked 
|  90|0x0000000617c00000, 0x0000000617c00000, 0x0000000618000000|  0%| F|  |TAMS 0x0000000617c00000, 0x0000000617c00000| Untracked 
|  91|0x0000000618000000, 0x0000000618000000, 0x0000000618400000|  0%| F|  |TAMS 0x0000000618000000, 0x0000000618000000| Untracked 
|  92|0x0000000618400000, 0x0000000618400000, 0x0000000618800000|  0%| F|  |TAMS 0x0000000618400000, 0x0000000618400000| Untracked 
|  93|0x0000000618800000, 0x0000000618800000, 0x0000000618c00000|  0%| F|  |TAMS 0x0000000618800000, 0x0000000618800000| Untracked 
|  94|0x0000000618c00000, 0x0000000618c00000, 0x0000000619000000|  0%| F|  |TAMS 0x0000000618c00000, 0x0000000618c00000| Untracked 
|  95|0x0000000619000000, 0x0000000619000000, 0x0000000619400000|  0%| F|  |TAMS 0x0000000619000000, 0x0000000619000000| Untracked 
|  96|0x0000000619400000, 0x0000000619400000, 0x0000000619800000|  0%| F|  |TAMS 0x0000000619400000, 0x0000000619400000| Untracked 
|  97|0x0000000619800000, 0x0000000619800000, 0x0000000619c00000|  0%| F|  |TAMS 0x0000000619800000, 0x0000000619800000| Untracked 
|  98|0x0000000619c00000, 0x0000000619c00000, 0x000000061a000000|  0%| F|  |TAMS 0x0000000619c00000, 0x0000000619c00000| Untracked 
|  99|0x000000061a000000, 0x000000061a000000, 0x000000061a400000|  0%| F|  |TAMS 0x000000061a000000, 0x000000061a000000| Untracked 
| 100|0x000000061a400000, 0x000000061a400000, 0x000000061a800000|  0%| F|  |TAMS 0x000000061a400000, 0x000000061a400000| Untracked 
| 101|0x000000061a800000, 0x000000061a800000, 0x000000061ac00000|  0%| F|  |TAMS 0x000000061a800000, 0x000000061a800000| Untracked 
| 102|0x000000061ac00000, 0x000000061ac00000, 0x000000061b000000|  0%| F|  |TAMS 0x000000061ac00000, 0x000000061ac00000| Untracked 
| 103|0x000000061b000000, 0x000000061b000000, 0x000000061b400000|  0%| F|  |TAMS 0x000000061b000000, 0x000000061b000000| Untracked 
| 104|0x000000061b400000, 0x000000061b400000, 0x000000061b800000|  0%| F|  |TAMS 0x000000061b400000, 0x000000061b400000| Untracked 
| 105|0x000000061b800000, 0x000000061b800000, 0x000000061bc00000|  0%| F|  |TAMS 0x000000061b800000, 0x000000061b800000| Untracked 
| 106|0x000000061bc00000, 0x000000061bc00000, 0x000000061c000000|  0%| F|  |TAMS 0x000000061bc00000, 0x000000061bc00000| Untracked 
| 107|0x000000061c000000, 0x000000061c000000, 0x000000061c400000|  0%| F|  |TAMS 0x000000061c000000, 0x000000061c000000| Untracked 
| 108|0x000000061c400000, 0x000000061c400000, 0x000000061c800000|  0%| F|  |TAMS 0x000000061c400000, 0x000000061c400000| Untracked 
| 109|0x000000061c800000, 0x000000061c800000, 0x000000061cc00000|  0%| F|  |TAMS 0x000000061c800000, 0x000000061c800000| Untracked 
| 110|0x000000061cc00000, 0x000000061cc00000, 0x000000061d000000|  0%| F|  |TAMS 0x000000061cc00000, 0x000000061cc00000| Untracked 
| 111|0x000000061d000000, 0x000000061d000000, 0x000000061d400000|  0%| F|  |TAMS 0x000000061d000000, 0x000000061d000000| Untracked 
| 112|0x000000061d400000, 0x000000061d400000, 0x000000061d800000|  0%| F|  |TAMS 0x000000061d400000, 0x000000061d400000| Untracked 
| 113|0x000000061d800000, 0x000000061d800000, 0x000000061dc00000|  0%| F|  |TAMS 0x000000061d800000, 0x000000061d800000| Untracked 
| 114|0x000000061dc00000, 0x000000061dc00000, 0x000000061e000000|  0%| F|  |TAMS 0x000000061dc00000, 0x000000061dc00000| Untracked 
| 115|0x000000061e000000, 0x000000061e000000, 0x000000061e400000|  0%| F|  |TAMS 0x000000061e000000, 0x000000061e000000| Untracked 
| 116|0x000000061e400000, 0x000000061e400000, 0x000000061e800000|  0%| F|  |TAMS 0x000000061e400000, 0x000000061e400000| Untracked 
| 117|0x000000061e800000, 0x000000061e800000, 0x000000061ec00000|  0%| F|  |TAMS 0x000000061e800000, 0x000000061e800000| Untracked 
| 118|0x000000061ec00000, 0x000000061ec00000, 0x000000061f000000|  0%| F|  |TAMS 0x000000061ec00000, 0x000000061ec00000| Untracked 
| 119|0x000000061f000000, 0x000000061f000000, 0x000000061f400000|  0%| F|  |TAMS 0x000000061f000000, 0x000000061f000000| Untracked 
| 120|0x000000061f400000, 0x000000061f400000, 0x000000061f800000|  0%| F|  |TAMS 0x000000061f400000, 0x000000061f400000| Untracked 
| 121|0x000000061f800000, 0x000000061faa4a58, 0x000000061fc00000| 66%| S|CS|TAMS 0x000000061f800000, 0x000000061f800000| Complete 
| 122|0x000000061fc00000, 0x000000061fe290d0, 0x0000000620000000| 54%| E|  |TAMS 0x000000061fc00000, 0x000000061fc00000| Complete 
| 123|0x0000000620000000, 0x0000000620400000, 0x0000000620400000|100%| E|CS|TAMS 0x0000000620000000, 0x0000000620000000| Complete 
| 124|0x0000000620400000, 0x0000000620800000, 0x0000000620800000|100%| E|CS|TAMS 0x0000000620400000, 0x0000000620400000| Complete 
| 125|0x0000000620800000, 0x0000000620c00000, 0x0000000620c00000|100%| E|CS|TAMS 0x0000000620800000, 0x0000000620800000| Complete 
| 126|0x0000000620c00000, 0x0000000621000000, 0x0000000621000000|100%| E|CS|TAMS 0x0000000620c00000, 0x0000000620c00000| Complete 
| 127|0x0000000621000000, 0x0000000621400000, 0x0000000621400000|100%| E|CS|TAMS 0x0000000621000000, 0x0000000621000000| Complete 

Card table byte_map: [0x0000018b51b50000,0x0000018b52b50000] _byte_map_base: 0x0000018b4eb46000

Marking Bits (Prev, Next): (CMBitMap*) 0x0000018b39ac4470, (CMBitMap*) 0x0000018b39ac44b0
 Prev Bits: [0x0000018b53b50000, 0x0000018b5bb00000)
 Next Bits: [0x0000018b5bb00000, 0x0000018b63ab0000)

Polling page: 0x0000018b377d0000

Metaspace:

Usage:
  Non-class:      8.96 MB used.
      Class:      1.31 MB used.
       Both:     10.27 MB used.

Virtual space:
  Non-class space:       16.00 MB reserved,       9.06 MB ( 57%) committed,  2 nodes.
      Class space:        1.00 GB reserved,       1.38 MB ( <1%) committed,  1 nodes.
             Both:        1.02 GB reserved,      10.44 MB (  1%) committed. 

Chunk freelists:
   Non-Class:  2.61 MB
       Class:  2.52 MB
        Both:  5.12 MB

MaxMetaspaceSize: unlimited
CompressedClassSpaceSize: 1.00 GB
Initial GC threshold: 21.00 MB
Current GC threshold: 21.00 MB
CDS: on
MetaspaceReclaimPolicy: balanced
 - commit_granule_bytes: 65536.
 - commit_granule_words: 8192.
 - virtual_space_node_default_size: 1048576.
 - enlarge_chunks_in_place: 1.
 - new_chunks_are_fully_committed: 0.
 - uncommit_free_chunks: 1.
 - use_allocation_guard: 0.
 - handle_deallocations: 1.


Internal statistics:

num_allocs_failed_limit: 0.
num_arena_births: 138.
num_arena_deaths: 0.
num_vsnodes_births: 3.
num_vsnodes_deaths: 0.
num_space_committed: 167.
num_space_uncommitted: 0.
num_chunks_returned_to_freelist: 0.
num_chunks_taken_from_freelist: 431.
num_chunk_merges: 0.
num_chunk_splits: 295.
num_chunks_enlarged: 232.
num_purges: 0.
num_inconsistent_stats: 0.

CodeHeap 'non-profiled nmethods': size=119168Kb used=549Kb max_used=549Kb free=118618Kb
 bounds [0x0000018b48e40000, 0x0000018b490b0000, 0x0000018b502a0000]
CodeHeap 'profiled nmethods': size=119104Kb used=2695Kb max_used=2695Kb free=116408Kb
 bounds [0x0000018b419f0000, 0x0000018b41ca0000, 0x0000018b48e40000]
CodeHeap 'non-nmethods': size=7488Kb used=3045Kb max_used=3060Kb free=4442Kb
 bounds [0x0000018b412a0000, 0x0000018b415a0000, 0x0000018b419f0000]
 total_blobs=2313 nmethods=1609 adapters=614
 compilation: enabled
              stopped_count=0, restarted_count=0
 full_count=0

Compilation events (20 events):
Event: 2.801 Thread 0x0000018b675061c0 nmethod 1551 0x0000018b41c79510 code [0x0000018b41c79700, 0x0000018b41c79ca8]
Event: 2.805 Thread 0x0000018b675058c0 nmethod 1553 0x0000018b48ec3890 code [0x0000018b48ec3a20, 0x0000018b48ec40b8]
Event: 2.826 Thread 0x0000018b676a0100 1554       3       java.lang.invoke.MethodHandles$Lookup$ClassFile::<init> (20 bytes)
Event: 2.826 Thread 0x0000018b676a0610 1555       3       java.lang.invoke.MethodHandles$Lookup::makeHiddenClassDefiner (42 bytes)
Event: 2.826 Thread 0x0000018b675061c0 1556       3       java.lang.invoke.MethodHandles$Lookup$ClassOption::optionsToFlag (40 bytes)
Event: 2.826 Thread 0x0000018b675c0650 1557       3       java.lang.invoke.MethodHandles$Lookup$ClassDefiner::<init> (58 bytes)
Event: 2.826 Thread 0x0000018b676a0100 nmethod 1554 0x0000018b41c79e10 code [0x0000018b41c79fc0, 0x0000018b41c7a1f8]
Event: 2.826 Thread 0x0000018b675061c0 nmethod 1556 0x0000018b41c7a290 code [0x0000018b41c7a460, 0x0000018b41c7a968]
Event: 2.826 Thread 0x0000018b676a0100 1558       3       java.lang.invoke.MethodHandles$Lookup$ClassDefiner::defineClass (97 bytes)
Event: 2.826 Thread 0x0000018b675c0650 nmethod 1557 0x0000018b41c7ab10 code [0x0000018b41c7acc0, 0x0000018b41c7af78]
Event: 2.826 Thread 0x0000018b675061c0 1559       3       java.lang.System$2::defineClass (21 bytes)
Event: 2.826 Thread 0x0000018b675061c0 nmethod 1559 0x0000018b41c7b090 code [0x0000018b41c7b240, 0x0000018b41c7b3c8]
Event: 2.826 Thread 0x0000018b676a0610 nmethod 1555 0x0000018b41c7b490 code [0x0000018b41c7b740, 0x0000018b41c7c658]
Event: 2.827 Thread 0x0000018b676a0100 nmethod 1558 0x0000018b41c7cb90 code [0x0000018b41c7ce20, 0x0000018b41c7dcd8]
Event: 2.828 Thread 0x0000018b676a0100 1561       3       javafx.scene.Node::getGeomBounds (141 bytes)
Event: 2.829 Thread 0x0000018b676a0100 nmethod 1561 0x0000018b41c7e290 code [0x0000018b41c7e5e0, 0x0000018b41c7fdb8]
Event: 2.830 Thread 0x0000018b676a0100 1562       3       com.sun.javafx.geom.Vec3d::set (17 bytes)
Event: 2.830 Thread 0x0000018b676a0100 nmethod 1562 0x0000018b41c80310 code [0x0000018b41c804a0, 0x0000018b41c805b8]
Event: 2.832 Thread 0x0000018b676a0100 1563       1       javafx.event.Event::getEventType (5 bytes)
Event: 2.832 Thread 0x0000018b676a0100 nmethod 1563 0x0000018b48ec4c10 code [0x0000018b48ec4da0, 0x0000018b48ec4e78]

GC Heap History (2 events):
Event: 0.588 GC heap before
{Heap before GC invocations=0 (full 0):
 garbage-first heap   total 524288K, used 20480K [0x0000000601400000, 0x0000000800000000)
  region size 4096K, 6 young (24576K), 0 survivors (0K)
 Metaspace       used 5218K, committed 5376K, reserved 1056768K
  class space    used 623K, committed 704K, reserved 1048576K
}
Event: 0.591 GC heap after
{Heap after GC invocations=1 (full 0):
 garbage-first heap   total 524288K, used 2706K [0x0000000601400000, 0x0000000800000000)
  region size 4096K, 1 young (4096K), 1 survivors (4096K)
 Metaspace       used 5218K, committed 5376K, reserved 1056768K
  class space    used 623K, committed 704K, reserved 1048576K
}

Deoptimization events (20 events):
Event: 0.708 Thread 0x0000018b66b6a340 DEOPT PACKING pc=0x0000018b48e59038 sp=0x0000002529dfbc90
Event: 0.708 Thread 0x0000018b66b6a340 DEOPT UNPACKING pc=0x0000018b412f23a3 sp=0x0000002529dfbc20 mode 2
Event: 0.783 Thread 0x0000018b66b6a340 Uncommon trap: trap_request=0xffffffde fr.pc=0x0000018b48e4eaac relative=0x00000000000001ac
Event: 0.783 Thread 0x0000018b66b6a340 Uncommon trap: reason=class_check action=maybe_recompile pc=0x0000018b48e4eaac method=java.lang.String.equals(Ljava/lang/Object;)Z @ 8 c2
Event: 0.783 Thread 0x0000018b66b6a340 DEOPT PACKING pc=0x0000018b48e4eaac sp=0x0000002529dfd6b0
Event: 0.783 Thread 0x0000018b66b6a340 DEOPT UNPACKING pc=0x0000018b412f23a3 sp=0x0000002529dfd658 mode 2
Event: 0.783 Thread 0x0000018b66b6a340 Uncommon trap: trap_request=0xffffffde fr.pc=0x0000018b48e4eaac relative=0x00000000000001ac
Event: 0.783 Thread 0x0000018b66b6a340 Uncommon trap: reason=class_check action=maybe_recompile pc=0x0000018b48e4eaac method=java.lang.String.equals(Ljava/lang/Object;)Z @ 8 c2
Event: 0.783 Thread 0x0000018b66b6a340 DEOPT PACKING pc=0x0000018b48e4eaac sp=0x0000002529dfd5c0
Event: 0.783 Thread 0x0000018b66b6a340 DEOPT UNPACKING pc=0x0000018b412f23a3 sp=0x0000002529dfd568 mode 2
Event: 0.783 Thread 0x0000018b66b6a340 Uncommon trap: trap_request=0xffffffde fr.pc=0x0000018b48e4eaac relative=0x00000000000001ac
Event: 0.783 Thread 0x0000018b66b6a340 Uncommon trap: reason=class_check action=maybe_recompile pc=0x0000018b48e4eaac method=java.lang.String.equals(Ljava/lang/Object;)Z @ 8 c2
Event: 0.783 Thread 0x0000018b66b6a340 DEOPT PACKING pc=0x0000018b48e4eaac sp=0x0000002529dfd5c0
Event: 0.783 Thread 0x0000018b66b6a340 DEOPT UNPACKING pc=0x0000018b412f23a3 sp=0x0000002529dfd568 mode 2
Event: 1.057 Thread 0x0000018b66b6b680 Uncommon trap: trap_request=0xffffff45 fr.pc=0x0000018b48e4d098 relative=0x00000000000000f8
Event: 1.057 Thread 0x0000018b66b6b680 Uncommon trap: reason=unstable_if action=reinterpret pc=0x0000018b48e4d098 method=java.lang.StringLatin1.lastIndexOf([BI[BII)I @ 86 c2
Event: 1.057 Thread 0x0000018b66b6b680 DEOPT PACKING pc=0x0000018b48e4d098 sp=0x00000025289fe360
Event: 1.057 Thread 0x0000018b66b6b680 DEOPT UNPACKING pc=0x0000018b412f23a3 sp=0x00000025289fe2b8 mode 2
Event: 1.570 Thread 0x0000018b66b6a340 DEOPT PACKING pc=0x0000018b41c06903 sp=0x0000002529dfde80
Event: 1.570 Thread 0x0000018b66b6a340 DEOPT UNPACKING pc=0x0000018b412f2b43 sp=0x0000002529dfd2f0 mode 0

Classes unloaded (0 events):
No events

Classes redefined (0 events):
No events

Internal exceptions (19 events):
Event: 0.060 Thread 0x0000018b39a4eeb0 Exception <a 'java/lang/NoSuchMethodError'{0x000000062121a2e0}: 'void java.lang.invoke.DirectMethodHandle$Holder.invokeVirtual(java.lang.Object, java.lang.Object)'> (0x000000062121a2e0) 
thrown [t:\workspace\open\src\hotspot\share\interpreter\linkResolver.cpp, line 766]
Event: 0.124 Thread 0x0000018b66b6ace0 Exception <a 'java/lang/NoSuchMethodError'{0x0000000620f610d8}: 'java.lang.Object java.lang.invoke.DirectMethodHandle$Holder.invokeStaticInit(java.lang.Object)'> (0x0000000620f610d8) 
thrown [t:\workspace\open\src\hotspot\share\interpreter\linkResolver.cpp, line 766]
Event: 0.128 Thread 0x0000018b66b6ace0 Exception <a 'java/lang/ClassNotFoundException'{0x0000000620f6c2f0}: jdk/net/ExtendedSocketOptions> (0x0000000620f6c2f0) 
thrown [t:\workspace\open\src\hotspot\share\classfile\systemDictionary.cpp, line 256]
Event: 0.128 Thread 0x0000018b66b6ace0 Exception <a 'java/lang/NoSuchMethodError'{0x0000000620f6db88}: 'void java.lang.invoke.DirectMethodHandle$Holder.invokeStatic(java.lang.Object, java.lang.Object)'> (0x0000000620f6db88) 
thrown [t:\workspace\open\src\hotspot\share\interpreter\linkResolver.cpp, line 766]
Event: 0.327 Thread 0x0000018b39a4eeb0 Exception <a 'java/lang/NoSuchMethodError'{0x000000062069fe10}: 'void java.lang.invoke.DirectMethodHandle$Holder.invokeSpecial(java.lang.Object, java.lang.Object, java.lang.Object)'> (0x000000062069fe10) 
thrown [t:\workspace\open\src\hotspot\share\interpreter\linkResolver.cpp, line 766]
Event: 0.333 Thread 0x0000018b39a4eeb0 Exception <a 'java/lang/NoSuchMethodError'{0x00000006206d63f0}: 'void java.lang.invoke.DirectMethodHandle$Holder.invokeStatic(java.lang.Object, java.lang.Object, java.lang.Object)'> (0x00000006206d63f0) 
thrown [t:\workspace\open\src\hotspot\share\interpreter\linkResolver.cpp, line 766]
Event: 0.380 Thread 0x0000018b39a4eeb0 Exception <a 'java/lang/NoSuchMethodError'{0x00000006206f2ef0}: 'int java.lang.invoke.DirectMethodHandle$Holder.invokeStaticInit(java.lang.Object, java.lang.Object, java.lang.Object)'> (0x00000006206f2ef0) 
thrown [t:\workspace\open\src\hotspot\share\interpreter\linkResolver.cpp, line 766]
Event: 0.397 Thread 0x0000018b39a4eeb0 Exception <a 'java/lang/NoSuchMethodError'{0x000000062002f830}: 'java.lang.Object java.lang.invoke.DirectMethodHandle$Holder.newInvokeSpecial(java.lang.Object, java.lang.Object, int, java.lang.Object)'> (0x000000062002f830) 
thrown [t:\workspace\open\src\hotspot\share\interpreter\linkResolver.cpp, line 766]
Event: 0.397 Thread 0x0000018b39a4eeb0 Exception <a 'java/lang/NoSuchMethodError'{0x0000000620033c10}: 'java.lang.Object java.lang.invoke.DirectMethodHandle$Holder.invokeSpecial(java.lang.Object, java.lang.Object, java.lang.Object, int, java.lang.Object)'> (0x0000000620033c10) 
thrown [t:\workspace\open\src\hotspot\share\interpreter\linkResolver.cpp, line 766]
Event: 0.542 Thread 0x0000018b66b6a340 Exception <a 'java/lang/NoSuchMethodError'{0x000000062038e758}: 'void java.lang.invoke.DirectMethodHandle$Holder.invokeStaticInit(java.lang.Object)'> (0x000000062038e758) 
thrown [t:\workspace\open\src\hotspot\share\interpreter\linkResolver.cpp, line 766]
Event: 0.544 Thread 0x0000018b39a4eeb0 Exception <a 'java/lang/NoSuchMethodError'{0x0000000620048e10}: 'java.lang.Object java.lang.invoke.DirectMethodHandle$Holder.newInvokeSpecial(java.lang.Object, java.lang.Object, java.lang.Object, java.lang.Object, java.lang.Object, java.lang.Object)'> (0x0000000620048e10) 
thrown [t:\workspace\open\src\hotspot\share\interpreter\linkResolver.cpp, line 766]
Event: 0.558 Thread 0x0000018b39a4eeb0 Exception <a 'java/lang/NoSuchMethodError'{0x0000000620079da8}: 'java.lang.Object java.lang.invoke.DirectMethodHandle$Holder.newInvokeSpecial(java.lang.Object, java.lang.Object, java.lang.Object, java.lang.Object, java.lang.Object)'> (0x0000000620079da8) 
thrown [t:\workspace\open\src\hotspot\share\interpreter\linkResolver.cpp, line 766]
Event: 0.559 Thread 0x0000018b686bba90 Exception <a 'java/lang/NoSuchMethodError'{0x000000061fc7f4b8}: 'void java.lang.invoke.DirectMethodHandle$Holder.invokeStatic(java.lang.Object, java.lang.Object, java.lang.Object, java.lang.Object)'> (0x000000061fc7f4b8) 
thrown [t:\workspace\open\src\hotspot\share\interpreter\linkResolver.cpp, line 766]
Event: 0.601 Thread 0x0000018b66b6a340 Exception <a 'sun/nio/fs/WindowsException'{0x00000006211c3788}> (0x00000006211c3788) 
thrown [t:\workspace\open\src\hotspot\share\prims\jni.cpp, line 516]
Event: 0.634 Thread 0x0000018b66b6a340 Exception <a 'java/lang/NoSuchMethodError'{0x0000000620cdf090}: 'java.lang.Object java.lang.invoke.DirectMethodHandle$Holder.invokeStaticInit(java.lang.Object, java.lang.Object, java.lang.Object, java.lang.Object)'> (0x0000000620cdf090) 
thrown [t:\workspace\open\src\hotspot\share\interpreter\linkResolver.cpp, line 766]
Event: 0.635 Thread 0x0000018b66b6a340 Exception <a 'java/lang/NullPointerException'{0x0000000620cead58}> (0x0000000620cead58) 
thrown [t:\workspace\open\src\hotspot\share\interpreter\linkResolver.cpp, line 1357]
Event: 0.674 Thread 0x0000018b66b6a340 Exception <a 'sun/nio/fs/WindowsException'{0x00000006208146e0}> (0x00000006208146e0) 
thrown [t:\workspace\open\src\hotspot\share\prims\jni.cpp, line 516]
Event: 0.786 Thread 0x0000018b66b6a340 Exception <a 'java/lang/NoSuchMethodError'{0x0000000620021d30}: 'java.lang.Object java.lang.invoke.DirectMethodHandle$Holder.newInvokeSpecial(java.lang.Object, java.lang.Object, int)'> (0x0000000620021d30) 
thrown [t:\workspace\open\src\hotspot\share\interpreter\linkResolver.cpp, line 766]
Event: 0.798 Thread 0x0000018b66b699a0 Exception <a 'java/lang/NoSuchMethodError'{0x000000062017d980}: 'int java.lang.invoke.DirectMethodHandle$Holder.invokeStaticInit(java.lang.Object, java.lang.Object)'> (0x000000062017d980) 
thrown [t:\workspace\open\src\hotspot\share\interpreter\linkResolver.cpp, line 766]

VM Operations (14 events):
Event: 0.100 Executing VM operation: HandshakeAllThreads
Event: 0.100 Executing VM operation: HandshakeAllThreads done
Event: 0.100 Executing VM operation: HandshakeAllThreads
Event: 0.100 Executing VM operation: HandshakeAllThreads done
Event: 0.123 Executing VM operation: HandshakeAllThreads
Event: 0.123 Executing VM operation: HandshakeAllThreads done
Event: 0.388 Executing VM operation: HandshakeAllThreads
Event: 0.388 Executing VM operation: HandshakeAllThreads done
Event: 0.588 Executing VM operation: G1CollectForAllocation
Event: 0.591 Executing VM operation: G1CollectForAllocation done
Event: 1.592 Executing VM operation: Cleanup
Event: 1.592 Executing VM operation: Cleanup done
Event: 2.593 Executing VM operation: Cleanup
Event: 2.593 Executing VM operation: Cleanup done

Events (20 events):
Event: 1.056 loading class sun/util/resources/cldr/TimeZoneNames
Event: 1.056 loading class sun/util/resources/TimeZoneNamesBundle
Event: 1.056 loading class sun/util/resources/OpenListResourceBundle
Event: 1.056 loading class sun/util/resources/OpenListResourceBundle done
Event: 1.056 loading class sun/util/resources/TimeZoneNamesBundle done
Event: 1.056 loading class sun/util/resources/cldr/TimeZoneNames done
Event: 1.057 loading class sun/util/resources/cldr/TimeZoneNames_en
Event: 1.057 loading class sun/util/resources/cldr/TimeZoneNames_en done
Event: 1.057 loading class sun/util/resources/cldr/TimeZoneNames_en_US
Event: 1.057 loading class sun/util/resources/cldr/TimeZoneNames_en_US done
Event: 1.058 loading class sun/util/resources/TimeZoneNames
Event: 1.059 loading class sun/util/resources/TimeZoneNames done
Event: 1.059 loading class sun/util/resources/TimeZoneNames_en
Event: 1.059 loading class sun/util/resources/TimeZoneNames_en done
Event: 2.825 loading class java/util/EnumMap$Values
Event: 2.825 loading class java/util/EnumMap$Values done
Event: 2.825 loading class java/util/EnumMap$ValueIterator
Event: 2.825 loading class java/util/EnumMap$EnumMapIterator
Event: 2.825 loading class java/util/EnumMap$EnumMapIterator done
Event: 2.825 loading class java/util/EnumMap$ValueIterator done


Dynamic libraries:
0x00007ff604570000 - 0x00007ff60457e000 	C:\Users\Havel\.jdks\openjdk-17.0.2\bin\java.exe
0x00007ffedc170000 - 0x00007ffedc365000 	C:\Windows\SYSTEM32\ntdll.dll
0x00007ffeda320000 - 0x00007ffeda3de000 	C:\Windows\System32\KERNEL32.DLL
0x00007ffed9a90000 - 0x00007ffed9d58000 	C:\Windows\System32\KERNELBASE.dll
0x00007ffeda010000 - 0x00007ffeda110000 	C:\Windows\System32\ucrtbase.dll
0x00007ffed7a60000 - 0x00007ffed7a78000 	C:\Users\Havel\.jdks\openjdk-17.0.2\bin\jli.dll
0x00007ffed7a40000 - 0x00007ffed7a5a000 	C:\Users\Havel\.jdks\openjdk-17.0.2\bin\VCRUNTIME140.dll
0x00007ffedaed0000 - 0x00007ffedb070000 	C:\Windows\System32\USER32.dll
0x00007ffed8c70000 - 0x00007ffed8f0a000 	C:\Windows\WinSxS\amd64_microsoft.windows.common-controls_6595b64144ccf1df_6.0.19041.1110_none_60b5254171f9507e\COMCTL32.dll
0x00007ffed99a0000 - 0x00007ffed99c2000 	C:\Windows\System32\win32u.dll
0x00007ffedbb20000 - 0x00007ffedbb4b000 	C:\Windows\System32\GDI32.dll
0x00007ffeda1d0000 - 0x00007ffeda26e000 	C:\Windows\System32\msvcrt.dll
0x00007ffed9890000 - 0x00007ffed999b000 	C:\Windows\System32\gdi32full.dll
0x00007ffed9f70000 - 0x00007ffeda00d000 	C:\Windows\System32\msvcp_win.dll
0x00007ffedaba0000 - 0x00007ffedabd0000 	C:\Windows\System32\IMM32.DLL
0x00007ffed7770000 - 0x00007ffed777c000 	C:\Users\Havel\.jdks\openjdk-17.0.2\bin\vcruntime140_1.dll
0x00007ffeceba0000 - 0x00007ffecec2d000 	C:\Users\Havel\.jdks\openjdk-17.0.2\bin\msvcp140.dll
0x00007ffe9fd30000 - 0x00007ffea08f1000 	C:\Users\Havel\.jdks\openjdk-17.0.2\bin\server\jvm.dll
0x00007ffedbc10000 - 0x00007ffedbcbe000 	C:\Windows\System32\ADVAPI32.dll
0x00007ffeda270000 - 0x00007ffeda30c000 	C:\Windows\System32\sechost.dll
0x00007ffeda710000 - 0x00007ffeda835000 	C:\Windows\System32\RPCRT4.dll
0x00007ffeda310000 - 0x00007ffeda318000 	C:\Windows\System32\PSAPI.DLL
0x00007ffece680000 - 0x00007ffece6a7000 	C:\Windows\SYSTEM32\WINMM.dll
0x00007ffed38e0000 - 0x00007ffed38ea000 	C:\Windows\SYSTEM32\VERSION.dll
0x00007ffed7a30000 - 0x00007ffed7a39000 	C:\Windows\SYSTEM32\WSOCK32.dll
0x00007ffeda4c0000 - 0x00007ffeda52b000 	C:\Windows\System32\WS2_32.dll
0x00007ffed69e0000 - 0x00007ffed69f2000 	C:\Windows\SYSTEM32\kernel.appcore.dll
0x00007ffed7760000 - 0x00007ffed776a000 	C:\Users\Havel\.jdks\openjdk-17.0.2\bin\jimage.dll
0x00007ffed9230000 - 0x00007ffed9414000 	C:\Windows\SYSTEM32\DBGHELP.DLL
0x00007ffed9060000 - 0x00007ffed908c000 	C:\Windows\SYSTEM32\dbgcore.DLL
0x00007ffeda140000 - 0x00007ffeda1c2000 	C:\Windows\System32\bcryptPrimitives.dll
0x00007ffed79b0000 - 0x00007ffed79be000 	C:\Users\Havel\.jdks\openjdk-17.0.2\bin\instrument.dll
0x00007ffed4a20000 - 0x00007ffed4a45000 	C:\Users\Havel\.jdks\openjdk-17.0.2\bin\java.dll
0x00007ffec6890000 - 0x00007ffec6966000 	C:\Users\Havel\.jdks\openjdk-17.0.2\bin\jsvml.dll
0x00007ffedb070000 - 0x00007ffedb7b4000 	C:\Windows\System32\SHELL32.dll
0x00007ffed6be0000 - 0x00007ffed7374000 	C:\Windows\SYSTEM32\windows.storage.dll
0x00007ffeda840000 - 0x00007ffedab94000 	C:\Windows\System32\combase.dll
0x00007ffed8c00000 - 0x00007ffed8c2c000 	C:\Windows\SYSTEM32\Wldp.dll
0x00007ffedabf0000 - 0x00007ffedac9d000 	C:\Windows\System32\SHCORE.dll
0x00007ffedaca0000 - 0x00007ffedacf5000 	C:\Windows\System32\shlwapi.dll
0x00007ffed97d0000 - 0x00007ffed97ef000 	C:\Windows\SYSTEM32\profapi.dll
0x00007ffed7450000 - 0x00007ffed7469000 	C:\Users\Havel\.jdks\openjdk-17.0.2\bin\net.dll
0x00007ffed23c0000 - 0x00007ffed24c9000 	C:\Windows\SYSTEM32\WINHTTP.dll
0x00007ffed8ad0000 - 0x00007ffed8b3a000 	C:\Windows\system32\mswsock.dll
0x00007ffed4490000 - 0x00007ffed44a6000 	C:\Users\Havel\.jdks\openjdk-17.0.2\bin\nio.dll
0x00007ffed1e90000 - 0x00007ffed1ea8000 	C:\Users\Havel\.jdks\openjdk-17.0.2\bin\zip.dll
0x00007ffed7920000 - 0x00007ffed793a000 	C:\Program Files\JetBrains\IntelliJ IDEA Community Edition 2021.3.2\bin\breakgen64.dll
0x0000018b399a0000 - 0x0000018b399a3000 	C:\Users\Havel\.openjfx\cache\17.0.1\api-ms-win-core-console-l1-1-0.dll
0x0000018b399b0000 - 0x0000018b399b3000 	C:\Users\Havel\.openjfx\cache\17.0.1\api-ms-win-core-console-l1-2-0.dll
0x0000018b399c0000 - 0x0000018b399c3000 	C:\Users\Havel\.openjfx\cache\17.0.1\api-ms-win-core-datetime-l1-1-0.dll
0x0000018b399d0000 - 0x0000018b399d3000 	C:\Users\Havel\.openjfx\cache\17.0.1\api-ms-win-core-debug-l1-1-0.dll
0x0000018b399e0000 - 0x0000018b399e3000 	C:\Users\Havel\.openjfx\cache\17.0.1\api-ms-win-core-errorhandling-l1-1-0.dll
0x0000018b399f0000 - 0x0000018b399f4000 	C:\Users\Havel\.openjfx\cache\17.0.1\api-ms-win-core-file-l1-1-0.dll
0x0000018b39a00000 - 0x0000018b39a03000 	C:\Users\Havel\.openjfx\cache\17.0.1\api-ms-win-core-file-l1-2-0.dll
0x0000018b39a10000 - 0x0000018b39a13000 	C:\Users\Havel\.openjfx\cache\17.0.1\api-ms-win-core-file-l2-1-0.dll
0x0000018b39a20000 - 0x0000018b39a23000 	C:\Users\Havel\.openjfx\cache\17.0.1\api-ms-win-core-handle-l1-1-0.dll
0x0000018b66b70000 - 0x0000018b66b73000 	C:\Users\Havel\.openjfx\cache\17.0.1\api-ms-win-core-heap-l1-1-0.dll
0x0000018b66b80000 - 0x0000018b66b83000 	C:\Users\Havel\.openjfx\cache\17.0.1\api-ms-win-core-interlocked-l1-1-0.dll
0x0000018b66b90000 - 0x0000018b66b93000 	C:\Users\Havel\.openjfx\cache\17.0.1\api-ms-win-core-libraryloader-l1-1-0.dll
0x0000018b66ba0000 - 0x0000018b66ba3000 	C:\Users\Havel\.openjfx\cache\17.0.1\api-ms-win-core-localization-l1-2-0.dll
0x0000018b66bb0000 - 0x0000018b66bb3000 	C:\Users\Havel\.openjfx\cache\17.0.1\api-ms-win-core-memory-l1-1-0.dll
0x0000018b66bc0000 - 0x0000018b66bc3000 	C:\Users\Havel\.openjfx\cache\17.0.1\api-ms-win-core-namedpipe-l1-1-0.dll
0x0000018b66bd0000 - 0x0000018b66bd3000 	C:\Users\Havel\.openjfx\cache\17.0.1\api-ms-win-core-processenvironment-l1-1-0.dll
0x0000018b66be0000 - 0x0000018b66be3000 	C:\Users\Havel\.openjfx\cache\17.0.1\api-ms-win-core-processthreads-l1-1-0.dll
0x0000018b66bf0000 - 0x0000018b66bf3000 	C:\Users\Havel\.openjfx\cache\17.0.1\api-ms-win-core-processthreads-l1-1-1.dll
0x0000018b690d0000 - 0x0000018b690d3000 	C:\Users\Havel\.openjfx\cache\17.0.1\api-ms-win-core-profile-l1-1-0.dll
0x0000018b690e0000 - 0x0000018b690e3000 	C:\Users\Havel\.openjfx\cache\17.0.1\api-ms-win-core-rtlsupport-l1-1-0.dll
0x0000018b690f0000 - 0x0000018b690f3000 	C:\Users\Havel\.openjfx\cache\17.0.1\api-ms-win-core-string-l1-1-0.dll
0x0000018b69100000 - 0x0000018b69103000 	C:\Users\Havel\.openjfx\cache\17.0.1\api-ms-win-core-synch-l1-1-0.dll
0x0000018b69110000 - 0x0000018b69113000 	C:\Users\Havel\.openjfx\cache\17.0.1\api-ms-win-core-synch-l1-2-0.dll
0x0000018b69240000 - 0x0000018b69243000 	C:\Users\Havel\.openjfx\cache\17.0.1\api-ms-win-core-sysinfo-l1-1-0.dll
0x0000018b69250000 - 0x0000018b69253000 	C:\Users\Havel\.openjfx\cache\17.0.1\api-ms-win-core-timezone-l1-1-0.dll
0x0000018b69260000 - 0x0000018b69263000 	C:\Users\Havel\.openjfx\cache\17.0.1\api-ms-win-core-util-l1-1-0.dll
0x0000018b69270000 - 0x0000018b69273000 	C:\Users\Havel\.openjfx\cache\17.0.1\api-ms-win-crt-conio-l1-1-0.dll
0x0000018b69280000 - 0x0000018b69284000 	C:\Users\Havel\.openjfx\cache\17.0.1\api-ms-win-crt-convert-l1-1-0.dll
0x0000018b69290000 - 0x0000018b69293000 	C:\Users\Havel\.openjfx\cache\17.0.1\api-ms-win-crt-environment-l1-1-0.dll
0x0000018b692a0000 - 0x0000018b692a3000 	C:\Users\Havel\.openjfx\cache\17.0.1\api-ms-win-crt-filesystem-l1-1-0.dll
0x0000018b692b0000 - 0x0000018b692b3000 	C:\Users\Havel\.openjfx\cache\17.0.1\api-ms-win-crt-heap-l1-1-0.dll
0x0000018b692c0000 - 0x0000018b692c3000 	C:\Users\Havel\.openjfx\cache\17.0.1\api-ms-win-crt-locale-l1-1-0.dll
0x0000018b692d0000 - 0x0000018b692d5000 	C:\Users\Havel\.openjfx\cache\17.0.1\api-ms-win-crt-math-l1-1-0.dll
0x0000018b692e0000 - 0x0000018b692e5000 	C:\Users\Havel\.openjfx\cache\17.0.1\api-ms-win-crt-multibyte-l1-1-0.dll
0x0000018b692f0000 - 0x0000018b69300000 	C:\Users\Havel\.openjfx\cache\17.0.1\api-ms-win-crt-private-l1-1-0.dll
0x0000018b69300000 - 0x0000018b69303000 	C:\Users\Havel\.openjfx\cache\17.0.1\api-ms-win-crt-process-l1-1-0.dll
0x0000018b69230000 - 0x0000018b69234000 	C:\Users\Havel\.openjfx\cache\17.0.1\api-ms-win-crt-runtime-l1-1-0.dll
0x0000018b69440000 - 0x0000018b69444000 	C:\Users\Havel\.openjfx\cache\17.0.1\api-ms-win-crt-stdio-l1-1-0.dll
0x0000018b69450000 - 0x0000018b69454000 	C:\Users\Havel\.openjfx\cache\17.0.1\api-ms-win-crt-string-l1-1-0.dll
0x0000018b69460000 - 0x0000018b69463000 	C:\Users\Havel\.openjfx\cache\17.0.1\api-ms-win-crt-time-l1-1-0.dll
0x0000018b69470000 - 0x0000018b69473000 	C:\Users\Havel\.openjfx\cache\17.0.1\api-ms-win-crt-utility-l1-1-0.dll
0x00007ffec65b0000 - 0x00007ffec66ac000 	C:\Users\Havel\.openjfx\cache\17.0.1\ucrtbase.dll
0x00007ffed1c80000 - 0x00007ffed1c9a000 	C:\Users\Havel\.openjfx\cache\17.0.1\vcruntime140.dll
0x00007ffed1e80000 - 0x00007ffed1e8c000 	C:\Users\Havel\.openjfx\cache\17.0.1\vcruntime140_1.dll
0x00007ffed0aa0000 - 0x00007ffed0b2d000 	C:\Users\Havel\.openjfx\cache\17.0.1\msvcp140.dll
0x00007ffed1260000 - 0x00007ffed128a000 	C:\Users\Havel\.openjfx\cache\17.0.1\prism_d3d.dll
0x00007ffecda90000 - 0x00007ffecdc5f000 	C:\Windows\system32\d3d9.dll
0x00007ffed6800000 - 0x00007ffed682f000 	C:\Windows\SYSTEM32\dwmapi.dll
0x00007ffed65e0000 - 0x00007ffed667e000 	C:\Windows\system32\uxtheme.dll
0x00007ffecbfe0000 - 0x00007ffecc0e6000 	C:\Windows\System32\DriverStore\FileRepository\nv_dispi.inf_amd64_c0e159863e7afdde\nvldumdx.dll
0x00007ffed9040000 - 0x00007ffed9052000 	C:\Windows\SYSTEM32\msasn1.dll
0x00007ffed37c0000 - 0x00007ffed37f1000 	C:\Windows\SYSTEM32\cryptnet.dll
0x00007ffed9e10000 - 0x00007ffed9f66000 	C:\Windows\System32\CRYPT32.dll
0x00007ffed3670000 - 0x00007ffed37b8000 	C:\Windows\SYSTEM32\drvstore.dll
0x00007ffed9650000 - 0x00007ffed9683000 	C:\Windows\SYSTEM32\devobj.dll
0x00007ffed9a40000 - 0x00007ffed9a8e000 	C:\Windows\System32\cfgmgr32.dll
0x00007ffed8a40000 - 0x00007ffed8a4c000 	C:\Windows\SYSTEM32\cryptbase.dll
0x00007ffed99d0000 - 0x00007ffed9a38000 	C:\Windows\System32\WINTRUST.DLL
0x00007ffeda6f0000 - 0x00007ffeda70d000 	C:\Windows\System32\imagehlp.dll
0x00007ffed9610000 - 0x00007ffed9628000 	C:\Windows\SYSTEM32\CRYPTSP.dll
0x00007ffed82c0000 - 0x00007ffed82f4000 	C:\Windows\system32\rsaenh.dll
0x00007ffeda110000 - 0x00007ffeda137000 	C:\Windows\System32\bcrypt.dll
0x00007ffe9c720000 - 0x00007ffe9dea8000 	C:\Windows\System32\DriverStore\FileRepository\nv_dispi.inf_amd64_c0e159863e7afdde\nvd3dumx.dll
0x00007ffecdc60000 - 0x00007ffecdca2000 	C:\Users\Havel\.openjfx\cache\17.0.1\glass.dll
0x00007ffeda3e0000 - 0x00007ffeda4bb000 	C:\Windows\System32\COMDLG32.dll
0x00007ffeda530000 - 0x00007ffeda65a000 	C:\Windows\System32\ole32.dll
0x00007ffedb970000 - 0x00007ffedba3d000 	C:\Windows\System32\OLEAUT32.dll
0x0000000180000000 - 0x0000000182dd7000 	C:\Program Files (x86)\RivaTuner Statistics Server\RTSSHooks64.dll
0x00007ffedbcc0000 - 0x00007ffedc130000 	C:\Windows\System32\SETUPAPI.dll
0x00007ffedad00000 - 0x00007ffedae16000 	C:\Windows\System32\MSCTF.dll
0x00007ffeb55c0000 - 0x00007ffeb5887000 	C:\Windows\system32\nvspcap64.dll
0x00007ffed94f0000 - 0x00007ffed9523000 	C:\Windows\SYSTEM32\ntmarta.dll
0x00007ffed7b20000 - 0x00007ffed7b43000 	C:\Windows\SYSTEM32\gpapi.dll
0x00007ffecbf60000 - 0x00007ffecbf9b000 	C:\Windows\SYSTEM32\dxcore.dll
0x00007ffed1240000 - 0x00007ffed1254000 	C:\Users\Havel\.openjfx\cache\17.0.1\javafx_font.dll
0x00007ffec7900000 - 0x00007ffec7b7f000 	C:\Windows\SYSTEM32\dwrite.dll
0x00007ffedae20000 - 0x00007ffedaec9000 	C:\Windows\System32\clbcatq.dll
0x00007ffecfab0000 - 0x00007ffecfc64000 	C:\Windows\SYSTEM32\WindowsCodecs.dll
0x00007ffed07f0000 - 0x00007ffed082e000 	C:\Windows\system32\dataexchange.dll
0x00007ffed5900000 - 0x00007ffed5ae5000 	C:\Windows\system32\dcomp.dll
0x00007ffed4f60000 - 0x00007ffed51c4000 	C:\Windows\system32\d3d11.dll

dbghelp: loaded successfully - version: 4.0.5 - missing functions: none
symbol engine: initialized successfully - sym options: 0x614 - pdb path: .;C:\Users\Havel\.jdks\openjdk-17.0.2\bin;C:\Windows\SYSTEM32;C:\Windows\WinSxS\amd64_microsoft.windows.common-controls_6595b64144ccf1df_6.0.19041.1110_none_60b5254171f9507e;C:\Users\Havel\.jdks\openjdk-17.0.2\bin\server;C:\Program Files\JetBrains\IntelliJ IDEA Community Edition 2021.3.2\bin;C:\Users\Havel\.openjfx\cache\17.0.1;C:\Windows\System32\DriverStore\FileRepository\nv_dispi.inf_amd64_c0e159863e7afdde;C:\Program Files (x86)\RivaTuner Statistics Server;C:\Program Files\Common Files\Microsoft Shared\Ink

VM Arguments:
jvm_args: -javaagent:C:\Program Files\JetBrains\IntelliJ IDEA Community Edition 2021.3.2\lib\idea_rt.jar=61128:C:\Program Files\JetBrains\IntelliJ IDEA Community Edition 2021.3.2\bin -Dfile.encoding=UTF-8 --module-path=C:\Users\Havel\IdeaProjects\JavaFX project\target\classes;C:\Users\Havel\.m2\repository\org\openjfx\javafx-fxml\17.0.1\javafx-fxml-17.0.1-win.jar;C:\Users\Havel\.m2\repository\org\openjfx\javafx-base\17.0.1\javafx-base-17.0.1-win.jar;C:\Users\Havel\.m2\repository\org\openjfx\javafx-graphics\17.0.1\javafx-graphics-17.0.1-win.jar;C:\Users\Havel\.m2\repository\org\openjfx\javafx-controls\17.0.1\javafx-controls-17.0.1-win.jar -Djdk.module.main=com.example.javafxproject 
java_command: com.example.javafxproject/com.example.javafxproject.Application
java_class_path (initial): C:\Users\Havel\.m2\repository\org\openjfx\javafx-controls\17.0.1\javafx-controls-17.0.1.jar;C:\Users\Havel\.m2\repository\org\openjfx\javafx-graphics\17.0.1\javafx-graphics-17.0.1.jar;C:\Users\Havel\.m2\repository\org\openjfx\javafx-base\17.0.1\javafx-base-17.0.1.jar;C:\Users\Havel\.m2\repository\org\openjfx\javafx-fxml\17.0.1\javafx-fxml-17.0.1.jar
Launcher Type: SUN_STANDARD

[Global flags]
     intx CICompilerCount                          = 12                                        {product} {ergonomic}
     uint ConcGCThreads                            = 3                                         {product} {ergonomic}
     uint G1ConcRefinementThreads                  = 13                                        {product} {ergonomic}
   size_t G1HeapRegionSize                         = 4194304                                   {product} {ergonomic}
    uintx GCDrainStackTargetSize                   = 64                                        {product} {ergonomic}
   size_t InitialHeapSize                          = 536870912                                 {product} {ergonomic}
   size_t MarkStackSize                            = 4194304                                   {product} {ergonomic}
   size_t MaxHeapSize                              = 8568963072                                {product} {ergonomic}
   size_t MaxNewSize                               = 5138022400                                {product} {ergonomic}
   size_t MinHeapDeltaBytes                        = 4194304                                   {product} {ergonomic}
   size_t MinHeapSize                              = 8388608                                   {product} {ergonomic}
    uintx NonNMethodCodeHeapSize                   = 7602480                                {pd product} {ergonomic}
    uintx NonProfiledCodeHeapSize                  = 122027880                              {pd product} {ergonomic}
    uintx ProfiledCodeHeapSize                     = 122027880                              {pd product} {ergonomic}
    uintx ReservedCodeCacheSize                    = 251658240                              {pd product} {ergonomic}
     bool SegmentedCodeCache                       = true                                      {product} {ergonomic}
   size_t SoftMaxHeapSize                          = 8568963072                             {manageable} {ergonomic}
     bool UseCompressedClassPointers               = true                           {product lp64_product} {ergonomic}
     bool UseCompressedOops                        = true                           {product lp64_product} {ergonomic}
     bool UseG1GC                                  = true                                      {product} {ergonomic}
     bool UseLargePagesIndividualAllocation        = false                                  {pd product} {ergonomic}

Logging:
Log output configuration:
 #0: stdout all=warning uptime,level,tags
 #1: stderr all=off uptime,level,tags

Environment Variables:
PATH=C:\Program Files (x86)\Razer\ChromaBroadcast\bin;C:\Program Files\Razer\ChromaBroadcast\bin;C:\Program Files\Common Files\Oracle\Java\javapath;C:\Program Files (x86)\Common Files\Oracle\Java\javapath;C:\Windows\system32;C:\Windows;C:\Windows\System32\Wbem;C:\Windows\System32\WindowsPowerShell\v1.0\;C:\Windows\System32\OpenSSH\;C:\Program Files\Common Files\Autodesk Shared\;C:\Program Files\NVIDIA Corporation\NVIDIA NvDLISR;C:\Program Files (x86)\NVIDIA Corporation\PhysX\Common;C:\Program Files\Git\cmd;C:\Program Files\nodejs\;C:\Windows\system32\config\systemprofile\AppData\Local\Microsoft\WindowsApps;C:\Users\Havel\AppData\Local\Microsoft\WindowsApps;C:\Users\Havel\AppData\Roaming\npm;C:\Users\Havel\AppData\Local\Programs\Microsoft VS Code\bin
USERNAME=Havel
OS=Windows_NT
PROCESSOR_IDENTIFIER=AMD64 Family 23 Model 8 Stepping 2, AuthenticAMD



---------------  S Y S T E M  ---------------

OS:
 Windows 10 , 64 bit Build 19041 (10.0.19041.1566)
OS uptime: 0 days 9:39 hours

CPU: total 16 (initial active 16) (16 cores per cpu, 2 threads per core) family 23 model 8 stepping 2 microcode 0x0, cx8, cmov, fxsr, ht, mmx, 3dnowpref, sse, sse2, sse3, ssse3, sse4a, sse4.1, sse4.2, popcnt, lzcnt, tsc, tscinvbit, avx, avx2, aes, clmul, bmi1, bmi2, adx, sha, fma, vzeroupper, clflush, clflushopt

Memory: 4k page, system-wide physical 32678M (24625M free)
TotalPageFile size 37542M (AvailPageFile size 24762M)
current process WorkingSet (physical memory assigned to process): 120M, peak: 120M
current process commit charge ("private bytes"): 736M, peak: 736M

vm_info: OpenJDK 64-Bit Server VM (17.0.2+8-86) for windows-amd64 JRE (17.0.2+8-86), built on Dec  7 2021 21:49:10 by "mach5one" with MS VC++ 16.8 / 16.9 (VS2019)

END.
