#
# A fatal error has been detected by the Java Runtime Environment:
#
#  EXCEPTION_ACCESS_VIOLATION (0xc0000005) at pc=0x00007ffea0103681, pid=1744, tid=5384
#
# JRE version: OpenJDK Runtime Environment (17.0.2+8) (build 17.0.2+8-86)
# Java VM: OpenJDK 64-Bit Server VM (17.0.2+8-86, mixed mode, sharing, tiered, compressed oops, compressed class ptrs, g1 gc, windows-amd64)
# Problematic frame:
# V  [jvm.dll+0x3d3681]
#
# No core dump will be written. Minidumps are not enabled by default on client versions of Windows
#
# If you would like to submit a bug report, please visit:
#   https://bugreport.java.com/bugreport/crash.jsp
#

---------------  S U M M A R Y ------------

Command Line: -javaagent:C:\Program Files\JetBrains\IntelliJ IDEA Community Edition 2021.3.2\lib\idea_rt.jar=61053:C:\Program Files\JetBrains\IntelliJ IDEA Community Edition 2021.3.2\bin -Dfile.encoding=UTF-8 --module-path=C:\Users\Havel\IdeaProjects\JavaFX project\target\classes;C:\Users\Havel\.m2\repository\org\openjfx\javafx-fxml\17.0.1\javafx-fxml-17.0.1-win.jar;C:\Users\Havel\.m2\repository\org\openjfx\javafx-base\17.0.1\javafx-base-17.0.1-win.jar;C:\Users\Havel\.m2\repository\org\openjfx\javafx-graphics\17.0.1\javafx-graphics-17.0.1-win.jar;C:\Users\Havel\.m2\repository\org\openjfx\javafx-controls\17.0.1\javafx-controls-17.0.1-win.jar -Djdk.module.main=com.example.javafxproject com.example.javafxproject/com.example.javafxproject.Application

Host: AMD Ryzen 7 2700X Eight-Core Processor         , 16 cores, 31G,  Windows 10 , 64 bit Build 19041 (10.0.19041.1566)
Time: Thu Apr  7 12:11:26 2022 Arab Standard Time elapsed time: 10.069117 seconds (0d 0h 0m 10s)

---------------  T H R E A D  ---------------

Current thread (0x00000209ffd1e880):  JavaThread "InvokeLaterDispatcher" daemon [_thread_in_native_trans, id=5384, stack(0x000000849d100000,0x000000849d200000)]

Stack: [0x000000849d100000,0x000000849d200000],  sp=0x000000849d1ff1d0,  free space=1020k
Native frames: (J=compiled Java code, j=interpreted, Vv=VM code, C=native code)
V  [jvm.dll+0x3d3681]
C  [glass.dll+0xa921]

Java frames: (J=compiled Java code, j=interpreted, Vv=VM code)
J 1758  com.sun.glass.ui.win.WinApplication._submitForLaterInvocation(Ljava/lang/Runnable;)V javafx.graphics (0 bytes) @ 0x00000209eaf17877 [0x00000209eaf17820+0x0000000000000057]
J 1815 c1 com.sun.glass.ui.win.WinApplication.submitForLaterInvocation(Ljava/lang/Runnable;)V javafx.graphics (6 bytes) @ 0x00000209e3d27014 [0x00000209e3d26fa0+0x0000000000000074]
j  com.sun.glass.ui.InvokeLaterDispatcher.run()V+82 javafx.graphics
v  ~StubRoutines::call_stub

siginfo: EXCEPTION_ACCESS_VIOLATION (0xc0000005), reading address 0x00000209ffd9eba8


Register to memory mapping:

RIP=0x00007ffea0103681 jvm.dll
RAX=0xfffffffffffffffe is an unknown value
RBX=0x0 is NULL
RCX=0x00000209ffd1eb28 points into unknown readable memory: 0x00007ffea07b5640 | 40 56 7b a0 fe 7f 00 00
RDX=0x000000849d1ff278 is pointing into the stack for thread: 0x00000209ffd1e880
RSP=0x000000849d1ff1d0 is pointing into the stack for thread: 0x00000209ffd1e880
RBP=0x000000849d1ff278 is pointing into the stack for thread: 0x00000209ffd1e880
RSI=0x000000849d1ff278 is pointing into the stack for thread: 0x00000209ffd1e880
RDI=0x00000209ffd1e880 is a thread
R8 =0x00007ffea07b5640 jvm.dll
R9 =0x000000000000001d is an unknown value
R10=0x0 is NULL
R11=0x4e60341000000000 is an unknown value
R12=0x0 is NULL
R13=0x000000849d1ff310 is pointing into the stack for thread: 0x00000209ffd1e880
R14=0x0000000800c2d350 is a pointer to class: 
com.sun.glass.ui.win.WinApplication {0x0000000800c2d358}
 - instance size:     4
 - klass size:        135
 - access:            final synchronized 
 - state:             fully_initialized
 - name:              'com/sun/glass/ui/win/WinApplication'
 - super:             'com/sun/glass/ui/Application'
 - sub:               
 - arrays:            NULL
 - methods:           Array<T>(0x00000209ff8df390)
 - method ordering:   Array<T>(0x00000008008f01d8)
 - default_methods:   Array<T>(0x0000000000000000)
 - local interfaces:  Array<T>(0x00000209ff8e50b8)
 - trans. interfaces: Array<T>(0x00000209ff8e50b8)
 - constants:         constant pool [526]/operands[64] {0x00000209ff8e4008} for 'com/sun/glass/ui/win/WinApplication' cache=0x00000209ff909840
 - class loader data:  loader data: 0x00000209ffddc870 for instance a 'jdk/internal/loader/ClassLoaders$AppClassLoader'{0x000000061f808ec0}
 - source file:       'WinApplication.java'
 - class annotations:       Array<T>(0x0000000000000000)
 - class type annotations:  Array<T>(0x0000000000000000)
 - field annotations:       Array<T>(0x0000000000000000)
 - field type annotations:  Array<T>(0x0000000000000000)
 - inner classes:     Array<T>(0x00000209ff8e7aa8)
 - nest members:     Array<T>(0x00000209ff8e7ae8)
 - permitted subclasses:     Array<T>(0x00000008005cf238)
 - java mirror:       a 'java/lang/Class'{0x000000061f9da9d8} = 'com/sun/glass/ui/win/WinApplication'
 - vtable length      72  (start addr: 0x0000000800c2d518)
 - itable length      5 (start addr: 0x0000000800c2d758)
 - ---- static fields (3 words):
 - static 'overrideUIScale' 'F' @116 
 - private static final 'BASE_NAME' 'Ljava/lang/String;' @112 
 - private static 'verbose' 'Z' @132 
 - private static final 'Process_DPI_Unaware' 'I' @120 
 - private static final 'Process_System_DPI_Aware' 'I' @124 
 - private static final 'Process_Per_Monitor_DPI_Aware' 'I' @128 
 - ---- non-static fields (5 words):
 - private 'initialActiveEventReceived' 'Z' @12 
 - private 'terminateWhenLastWindowClosed' 'Z' @13 
 - protected 'name' 'Ljava/lang/String;' @16 
 - private 'eventHandler' 'Lcom/sun/glass/ui/Application$EventHandler;' @20 
 - private 'initialOpenedFiles' '[Ljava/lang/String;' @24 
 - private final 'invokeLaterDispatcher' 'Lcom/sun/glass/ui/InvokeLaterDispatcher;' @28 
 - non-static oop maps: 16-28 
R15=0x00000209ffd1e880 is a thread


Registers:
RAX=0xfffffffffffffffe, RBX=0x0000000000000000, RCX=0x00000209ffd1eb28, RDX=0x000000849d1ff278
RSP=0x000000849d1ff1d0, RBP=0x000000849d1ff278, RSI=0x000000849d1ff278, RDI=0x00000209ffd1e880
R8 =0x00007ffea07b5640, R9 =0x000000000000001d, R10=0x0000000000000000, R11=0x4e60341000000000
R12=0x0000000000000000, R13=0x000000849d1ff310, R14=0x0000000800c2d350, R15=0x00000209ffd1e880
RIP=0x00007ffea0103681, EFLAGS=0x0000000000010246

Top of Stack: (sp=0x000000849d1ff1d0)
0x000000849d1ff1d0:   0000000000000000 000002098ab20000
0x000000849d1ff1e0:   000000849d1ff278 00007ffeceb1f5ac
0x000000849d1ff1f0:   000000061f83ebb0 0000000000000000
0x000000849d1ff200:   000002098b1475a0 00007ffea014d68e
0x000000849d1ff210:   0000000000000000 00007ffeceb0a921
0x000000849d1ff220:   00000209ffd1eb28 000002098b1475a0
0x000000849d1ff230:   00000209ffd1eb28 000000061f8df5e8
0x000000849d1ff240:   0000020992d6ba08 00000209eaf17913
0x000000849d1ff250:   00000209ff8e6e98 000000849d1ff2b0
0x000000849d1ff260:   000000061f83ebb0 00000209e3cec7bc
0x000000849d1ff270:   000000061f83ebb0 0000000620659018
0x000000849d1ff280:   000000849d1ff378 00007ffea04737ae
0x000000849d1ff290:   0000000620659018 00000209ff9960f0
0x000000849d1ff2a0:   000000849d1ff378 00000209e3ced7ed
0x000000849d1ff2b0:   000000849d1ff378 00000209e3d27014
0x000000849d1ff2c0:   000000061f8df558 000000061f8df580 

Instructions: (pc=0x00007ffea0103681)
0x00007ffea0103581:   b1 18 01 00 00 e8 25 2f 03 00 48 85 db 74 03 48
0x00007ffea0103591:   8b 33 45 33 c0 48 8b d6 48 8b cf e8 2f 2c 03 00
0x00007ffea01035a1:   48 8b e8 48 83 7c 24 28 00 48 8b 74 24 60 74 0a
0x00007ffea01035b1:   48 8d 4c 24 20 e8 e5 7f 2c 00 48 8b 9f e8 00 00
0x00007ffea01035c1:   00 48 8b 4b 10 48 83 39 00 74 0c 48 8b cb e8 6c
0x00007ffea01035d1:   3d f7 ff 48 8b 4b 10 48 8b 43 08 48 8b d7 48 89
0x00007ffea01035e1:   48 10 48 8b 4b 08 48 8b 43 18 48 89 41 18 48 8b
0x00007ffea01035f1:   4b 08 48 8b 43 20 48 89 41 20 48 8d 8f 88 02 00
0x00007ffea0103601:   00 e8 b9 31 ef ff c7 87 38 03 00 00 04 00 00 00
0x00007ffea0103611:   48 8b c5 48 83 c4 40 5f 5d 5b c3 cc cc cc cc 48
0x00007ffea0103621:   89 5c 24 10 48 89 74 24 18 57 48 83 ec 40 8b 81
0x00007ffea0103631:   b8 00 00 00 48 8d b9 58 fd ff ff 05 55 21 ff ff
0x00007ffea0103641:   33 db 48 8b f2 83 f8 01 76 0a 48 8b cf e8 4d c8
0x00007ffea0103651:   3a 00 8b fb c7 87 38 03 00 00 05 00 00 00 e8 2c
0x00007ffea0103661:   e8 28 00 48 8b 87 40 03 00 00 a8 01 74 0a b2 01
0x00007ffea0103671:   48 8b cf e8 67 df 2f 00 39 9f 2c 03 00 00 75 0a
0x00007ffea0103681:   8b 87 28 03 00 00 a8 0c 74 0a 33 d2 48 8b cf e8
0x00007ffea0103691:   eb ef 3a 00 c7 87 38 03 00 00 06 00 00 00 48 89
0x00007ffea01036a1:   7c 24 20 48 89 5c 24 28 48 39 5f 08 74 0a 48 8d
0x00007ffea01036b1:   4c 24 20 e8 47 7e 2c 00 48 85 f6 74 7b 48 89 6c
0x00007ffea01036c1:   24 50 40 f6 c6 01 74 0c 48 8d 4e ff ff 15 8d f7
0x00007ffea01036d1:   6a 00 eb 09 48 8b ce ff 15 42 79 6a 00 48 8b e8
0x00007ffea01036e1:   48 85 c0 74 4e 48 8b b7 38 02 00 00 48 8b 5e 18
0x00007ffea01036f1:   48 83 fb f7 76 18 4c 8d 05 3a f1 4d 00 ba 08 00
0x00007ffea0103701:   00 00 48 8b ce e8 45 77 cd ff 48 8b 5e 18 48 8d
0x00007ffea0103711:   43 08 48 3b 46 20 76 14 45 33 c0 48 8b ce 41 8d
0x00007ffea0103721:   50 08 e8 a8 73 cd ff 48 8b d8 eb 04 48 89 46 18
0x00007ffea0103731:   48 89 2b 48 8b 6c 24 50 ba 01 00 00 00 48 8b cb
0x00007ffea0103741:   e8 da 29 03 00 48 83 7c 24 28 00 48 8b f0 74 0a
0x00007ffea0103751:   48 8d 4c 24 20 e8 45 7e 2c 00 48 8b 9f e8 00 00
0x00007ffea0103761:   00 48 8b 4b 10 48 83 39 00 74 0c 48 8b cb e8 cc
0x00007ffea0103771:   3b f7 ff 48 8b 4b 10 48 8b 43 08 48 8b d7 48 89 


Stack slot to memory mapping:
stack at sp + 0 slots: 0x0 is NULL
stack at sp + 1 slots: 0x000002098ab20000 points into unknown readable memory: 0x0000000000000000 | 00 00 00 00 00 00 00 00
stack at sp + 2 slots: 0x000000849d1ff278 is pointing into the stack for thread: 0x00000209ffd1e880
stack at sp + 3 slots: 0x00007ffeceb1f5ac glass.dll
stack at sp + 4 slots: 0x000000061f83ebb0 is an oop: com.sun.glass.ui.win.WinApplication 
{0x000000061f83ebb0} - klass: 'com/sun/glass/ui/win/WinApplication'
 - ---- fields (total size 4 words):
 - private 'initialActiveEventReceived' 'Z' @12  false
 - private 'terminateWhenLastWindowClosed' 'Z' @13  true
 - protected 'name' 'Ljava/lang/String;' @16  "com.example.javafxproject.Application"{0x000000061f83ebd0} (c3f07d7a)
 - private 'eventHandler' 'Lcom/sun/glass/ui/Application$EventHandler;' @20  a 'com/sun/javafx/tk/quantum/QuantumToolkit$2'{0x000000061f83ec20} (c3f07d84)
 - private 'initialOpenedFiles' '[Ljava/lang/String;' @24  NULL (0)
 - private final 'invokeLaterDispatcher' 'Lcom/sun/glass/ui/InvokeLaterDispatcher;' @28  a 'com/sun/glass/ui/InvokeLaterDispatcher'{0x000000061f833ff0} (c3f067fe)
stack at sp + 5 slots: 0x0 is NULL
stack at sp + 6 slots: 0x000002098b1475a0 points into unknown readable memory: 0x00007ffeceb289d0 | d0 89 b2 ce fe 7f 00 00
stack at sp + 7 slots: 0x00007ffea014d68e jvm.dll


---------------  P R O C E S S  ---------------

Threads class SMR info:
_java_thread_list=0x000002098aac6300, length=21, elements={
0x00000209da29e240, 0x00000209ff2c4990, 0x00000209ff2c5800, 0x00000209ff2daf60,
0x00000209ffc20090, 0x00000209ffc20950, 0x00000209ffc22320, 0x00000209ffc23410,
0x00000209ffc27710, 0x00000209ffc3a8d0, 0x00000209ffcbaca0, 0x00000209ffd1d070,
0x00000209ffd52d90, 0x00000209ffd1da10, 0x00000209ffd1c6d0, 0x00000209ffd1aec0,
0x00000209ffd1e880, 0x00000209ffd1cba0, 0x00000209ffd1bd30, 0x00000209ffd1c200,
0x00000209ffd1dee0
}

Java Threads: ( => current thread )
  0x00000209da29e240 JavaThread "main" [_thread_blocked, id=14484, stack(0x000000849b300000,0x000000849b400000)]
  0x00000209ff2c4990 JavaThread "Reference Handler" daemon [_thread_blocked, id=10084, stack(0x000000849ba00000,0x000000849bb00000)]
  0x00000209ff2c5800 JavaThread "Finalizer" daemon [_thread_blocked, id=13420, stack(0x000000849bb00000,0x000000849bc00000)]
  0x00000209ff2daf60 JavaThread "Signal Dispatcher" daemon [_thread_blocked, id=13792, stack(0x000000849bc00000,0x000000849bd00000)]
  0x00000209ffc20090 JavaThread "Attach Listener" daemon [_thread_blocked, id=11440, stack(0x000000849bd00000,0x000000849be00000)]
  0x00000209ffc20950 JavaThread "Service Thread" daemon [_thread_blocked, id=14404, stack(0x000000849be00000,0x000000849bf00000)]
  0x00000209ffc22320 JavaThread "Monitor Deflation Thread" daemon [_thread_blocked, id=15136, stack(0x000000849bf00000,0x000000849c000000)]
  0x00000209ffc23410 JavaThread "C2 CompilerThread0" daemon [_thread_blocked, id=12008, stack(0x000000849c000000,0x000000849c100000)]
  0x00000209ffc27710 JavaThread "C1 CompilerThread0" daemon [_thread_blocked, id=4440, stack(0x000000849c100000,0x000000849c200000)]
  0x00000209ffc3a8d0 JavaThread "Sweeper thread" daemon [_thread_blocked, id=12248, stack(0x000000849c200000,0x000000849c300000)]
  0x00000209ffcbaca0 JavaThread "C1 CompilerThread1" daemon [_thread_blocked, id=7664, stack(0x000000849c300000,0x000000849c400000)]
  0x00000209ffd1d070 JavaThread "Common-Cleaner" daemon [_thread_blocked, id=5828, stack(0x000000849c400000,0x000000849c500000)]
  0x00000209ffd52d90 JavaThread "C1 CompilerThread2" daemon [_thread_blocked, id=4128, stack(0x000000849c500000,0x000000849c600000)]
  0x00000209ffd1da10 JavaThread "Monitor Ctrl-Break" daemon [_thread_in_native, id=8264, stack(0x000000849cd00000,0x000000849ce00000)]
  0x00000209ffd1c6d0 JavaThread "Notification Thread" daemon [_thread_blocked, id=3988, stack(0x000000849ce00000,0x000000849cf00000)]
  0x00000209ffd1aec0 JavaThread "QuantumRenderer-0" daemon [_thread_blocked, id=13572, stack(0x000000849cc00000,0x000000849cd00000)]
=>0x00000209ffd1e880 JavaThread "InvokeLaterDispatcher" daemon [_thread_in_native_trans, id=5384, stack(0x000000849d100000,0x000000849d200000)]
  0x00000209ffd1cba0 JavaThread "JavaFX Application Thread" [_thread_in_native, id=12220, stack(0x000000849d200000,0x000000849d300000)]
  0x00000209ffd1bd30 JavaThread "JavaFX-Launcher" [_thread_blocked, id=10040, stack(0x000000849c900000,0x000000849ca00000)]
  0x00000209ffd1c200 JavaThread "Thread-2" daemon [_thread_in_native, id=14920, stack(0x000000849c800000,0x000000849c900000)]
  0x00000209ffd1dee0 JavaThread "Thread-3" [_thread_blocked, id=13356, stack(0x000000849dd30000,0x000000849de30000)]

Other Threads:
  0x00000209ff2bb0c0 VMThread "VM Thread" [stack: 0x000000849b900000,0x000000849ba00000] [id=5008]
  0x00000209fffc7400 WatcherThread [stack: 0x000000849cf00000,0x000000849d000000] [id=3172]
  0x00000209da315550 GCTaskThread "GC Thread#0" [stack: 0x000000849b400000,0x000000849b500000] [id=3292]
  0x000002098b346940 GCTaskThread "GC Thread#1" [stack: 0x000000849ca00000,0x000000849cb00000] [id=2060]
  0x000002098ab3cd00 GCTaskThread "GC Thread#2" [stack: 0x000000849cb00000,0x000000849cc00000] [id=7740]
  0x000002098b366ce0 GCTaskThread "GC Thread#3" [stack: 0x000000849d430000,0x000000849d530000] [id=14916]
  0x000002098b3a5580 GCTaskThread "GC Thread#4" [stack: 0x000000849d530000,0x000000849d630000] [id=9036]
  0x000002098b3a5c40 GCTaskThread "GC Thread#5" [stack: 0x000000849d630000,0x000000849d730000] [id=11504]
  0x000002098b3a5ef0 GCTaskThread "GC Thread#6" [stack: 0x000000849d730000,0x000000849d830000] [id=3888]
  0x000002098b3a75c0 GCTaskThread "GC Thread#7" [stack: 0x000000849d830000,0x000000849d930000] [id=2316]
  0x000002098b3ab880 GCTaskThread "GC Thread#8" [stack: 0x000000849d930000,0x000000849da30000] [id=13604]
  0x000002098b3abb30 GCTaskThread "GC Thread#9" [stack: 0x000000849da30000,0x000000849db30000] [id=15024]
  0x000002098b3b1270 GCTaskThread "GC Thread#10" [stack: 0x000000849db30000,0x000000849dc30000] [id=10000]
  0x000002098b3b1520 GCTaskThread "GC Thread#11" [stack: 0x000000849dc30000,0x000000849dd30000] [id=10156]
  0x00000209da3273f0 ConcurrentGCThread "G1 Main Marker" [stack: 0x000000849b500000,0x000000849b600000] [id=11036]
  0x00000209da3285a0 ConcurrentGCThread "G1 Conc#0" [stack: 0x000000849b600000,0x000000849b700000] [id=14304]
  0x00000209da37e600 ConcurrentGCThread "G1 Refine#0" [stack: 0x000000849b700000,0x000000849b800000] [id=14636]
  0x00000209ff177270 ConcurrentGCThread "G1 Service" [stack: 0x000000849b800000,0x000000849b900000] [id=3592]

Threads with active compile tasks:

VM state: not at safepoint (normal execution)

VM Mutex/Monitor currently owned by a thread: None

Heap address: 0x0000000601400000, size: 8172 MB, Compressed Oops mode: Zero based, Oop shift amount: 3

CDS archive(s) mapped at: [0x0000000800000000-0x0000000800bc0000-0x0000000800bc0000), size 12320768, SharedBaseAddress: 0x0000000800000000, ArchiveRelocationMode: 0.
Compressed class space mapped at: 0x0000000800c00000-0x0000000840c00000, reserved size: 1073741824
Narrow klass base: 0x0000000800000000, Narrow klass shift: 0, Narrow klass range: 0x100000000

GC Precious Log:
 CPUs: 16 total, 16 available
 Memory: 32678M
 Large Page Support: Disabled
 NUMA Support: Disabled
 Compressed Oops: Enabled (Zero based)
 Heap Region Size: 4M
 Heap Min Capacity: 8M
 Heap Initial Capacity: 512M
 Heap Max Capacity: 8172M
 Pre-touch: Disabled
 Parallel Workers: 13
 Concurrent Workers: 3
 Concurrent Refinement Workers: 13
 Periodic GC: Disabled

Heap:
 garbage-first heap   total 524288K, used 19469K [0x0000000601400000, 0x0000000800000000)
  region size 4096K, 6 young (24576K), 1 survivors (4096K)
 Metaspace       used 11259K, committed 11456K, reserved 1064960K
  class space    used 1352K, committed 1408K, reserved 1048576K

Heap Regions: E=young(eden), S=young(survivor), O=old, HS=humongous(starts), HC=humongous(continues), CS=collection set, F=free, OA=open archive, CA=closed archive, TAMS=top-at-mark-start (previous, next)
|   0|0x0000000601400000, 0x0000000601400000, 0x0000000601800000|  0%| F|  |TAMS 0x0000000601400000, 0x0000000601400000| Untracked 
|   1|0x0000000601800000, 0x0000000601800000, 0x0000000601c00000|  0%| F|  |TAMS 0x0000000601800000, 0x0000000601800000| Untracked 
|   2|0x0000000601c00000, 0x0000000601c00000, 0x0000000602000000|  0%| F|  |TAMS 0x0000000601c00000, 0x0000000601c00000| Untracked 
|   3|0x0000000602000000, 0x0000000602000000, 0x0000000602400000|  0%| F|  |TAMS 0x0000000602000000, 0x0000000602000000| Untracked 
|   4|0x0000000602400000, 0x0000000602400000, 0x0000000602800000|  0%| F|  |TAMS 0x0000000602400000, 0x0000000602400000| Untracked 
|   5|0x0000000602800000, 0x0000000602800000, 0x0000000602c00000|  0%| F|  |TAMS 0x0000000602800000, 0x0000000602800000| Untracked 
|   6|0x0000000602c00000, 0x0000000602c00000, 0x0000000603000000|  0%| F|  |TAMS 0x0000000602c00000, 0x0000000602c00000| Untracked 
|   7|0x0000000603000000, 0x0000000603000000, 0x0000000603400000|  0%| F|  |TAMS 0x0000000603000000, 0x0000000603000000| Untracked 
|   8|0x0000000603400000, 0x0000000603400000, 0x0000000603800000|  0%| F|  |TAMS 0x0000000603400000, 0x0000000603400000| Untracked 
|   9|0x0000000603800000, 0x0000000603800000, 0x0000000603c00000|  0%| F|  |TAMS 0x0000000603800000, 0x0000000603800000| Untracked 
|  10|0x0000000603c00000, 0x0000000603c00000, 0x0000000604000000|  0%| F|  |TAMS 0x0000000603c00000, 0x0000000603c00000| Untracked 
|  11|0x0000000604000000, 0x0000000604000000, 0x0000000604400000|  0%| F|  |TAMS 0x0000000604000000, 0x0000000604000000| Untracked 
|  12|0x0000000604400000, 0x0000000604400000, 0x0000000604800000|  0%| F|  |TAMS 0x0000000604400000, 0x0000000604400000| Untracked 
|  13|0x0000000604800000, 0x0000000604800000, 0x0000000604c00000|  0%| F|  |TAMS 0x0000000604800000, 0x0000000604800000| Untracked 
|  14|0x0000000604c00000, 0x0000000604c00000, 0x0000000605000000|  0%| F|  |TAMS 0x0000000604c00000, 0x0000000604c00000| Untracked 
|  15|0x0000000605000000, 0x0000000605000000, 0x0000000605400000|  0%| F|  |TAMS 0x0000000605000000, 0x0000000605000000| Untracked 
|  16|0x0000000605400000, 0x0000000605400000, 0x0000000605800000|  0%| F|  |TAMS 0x0000000605400000, 0x0000000605400000| Untracked 
|  17|0x0000000605800000, 0x0000000605800000, 0x0000000605c00000|  0%| F|  |TAMS 0x0000000605800000, 0x0000000605800000| Untracked 
|  18|0x0000000605c00000, 0x0000000605c00000, 0x0000000606000000|  0%| F|  |TAMS 0x0000000605c00000, 0x0000000605c00000| Untracked 
|  19|0x0000000606000000, 0x0000000606000000, 0x0000000606400000|  0%| F|  |TAMS 0x0000000606000000, 0x0000000606000000| Untracked 
|  20|0x0000000606400000, 0x0000000606400000, 0x0000000606800000|  0%| F|  |TAMS 0x0000000606400000, 0x0000000606400000| Untracked 
|  21|0x0000000606800000, 0x0000000606800000, 0x0000000606c00000|  0%| F|  |TAMS 0x0000000606800000, 0x0000000606800000| Untracked 
|  22|0x0000000606c00000, 0x0000000606c00000, 0x0000000607000000|  0%| F|  |TAMS 0x0000000606c00000, 0x0000000606c00000| Untracked 
|  23|0x0000000607000000, 0x0000000607000000, 0x0000000607400000|  0%| F|  |TAMS 0x0000000607000000, 0x0000000607000000| Untracked 
|  24|0x0000000607400000, 0x0000000607400000, 0x0000000607800000|  0%| F|  |TAMS 0x0000000607400000, 0x0000000607400000| Untracked 
|  25|0x0000000607800000, 0x0000000607800000, 0x0000000607c00000|  0%| F|  |TAMS 0x0000000607800000, 0x0000000607800000| Untracked 
|  26|0x0000000607c00000, 0x0000000607c00000, 0x0000000608000000|  0%| F|  |TAMS 0x0000000607c00000, 0x0000000607c00000| Untracked 
|  27|0x0000000608000000, 0x0000000608000000, 0x0000000608400000|  0%| F|  |TAMS 0x0000000608000000, 0x0000000608000000| Untracked 
|  28|0x0000000608400000, 0x0000000608400000, 0x0000000608800000|  0%| F|  |TAMS 0x0000000608400000, 0x0000000608400000| Untracked 
|  29|0x0000000608800000, 0x0000000608800000, 0x0000000608c00000|  0%| F|  |TAMS 0x0000000608800000, 0x0000000608800000| Untracked 
|  30|0x0000000608c00000, 0x0000000608c00000, 0x0000000609000000|  0%| F|  |TAMS 0x0000000608c00000, 0x0000000608c00000| Untracked 
|  31|0x0000000609000000, 0x0000000609000000, 0x0000000609400000|  0%| F|  |TAMS 0x0000000609000000, 0x0000000609000000| Untracked 
|  32|0x0000000609400000, 0x0000000609400000, 0x0000000609800000|  0%| F|  |TAMS 0x0000000609400000, 0x0000000609400000| Untracked 
|  33|0x0000000609800000, 0x0000000609800000, 0x0000000609c00000|  0%| F|  |TAMS 0x0000000609800000, 0x0000000609800000| Untracked 
|  34|0x0000000609c00000, 0x0000000609c00000, 0x000000060a000000|  0%| F|  |TAMS 0x0000000609c00000, 0x0000000609c00000| Untracked 
|  35|0x000000060a000000, 0x000000060a000000, 0x000000060a400000|  0%| F|  |TAMS 0x000000060a000000, 0x000000060a000000| Untracked 
|  36|0x000000060a400000, 0x000000060a400000, 0x000000060a800000|  0%| F|  |TAMS 0x000000060a400000, 0x000000060a400000| Untracked 
|  37|0x000000060a800000, 0x000000060a800000, 0x000000060ac00000|  0%| F|  |TAMS 0x000000060a800000, 0x000000060a800000| Untracked 
|  38|0x000000060ac00000, 0x000000060ac00000, 0x000000060b000000|  0%| F|  |TAMS 0x000000060ac00000, 0x000000060ac00000| Untracked 
|  39|0x000000060b000000, 0x000000060b000000, 0x000000060b400000|  0%| F|  |TAMS 0x000000060b000000, 0x000000060b000000| Untracked 
|  40|0x000000060b400000, 0x000000060b400000, 0x000000060b800000|  0%| F|  |TAMS 0x000000060b400000, 0x000000060b400000| Untracked 
|  41|0x000000060b800000, 0x000000060b800000, 0x000000060bc00000|  0%| F|  |TAMS 0x000000060b800000, 0x000000060b800000| Untracked 
|  42|0x000000060bc00000, 0x000000060bc00000, 0x000000060c000000|  0%| F|  |TAMS 0x000000060bc00000, 0x000000060bc00000| Untracked 
|  43|0x000000060c000000, 0x000000060c000000, 0x000000060c400000|  0%| F|  |TAMS 0x000000060c000000, 0x000000060c000000| Untracked 
|  44|0x000000060c400000, 0x000000060c400000, 0x000000060c800000|  0%| F|  |TAMS 0x000000060c400000, 0x000000060c400000| Untracked 
|  45|0x000000060c800000, 0x000000060c800000, 0x000000060cc00000|  0%| F|  |TAMS 0x000000060c800000, 0x000000060c800000| Untracked 
|  46|0x000000060cc00000, 0x000000060cc00000, 0x000000060d000000|  0%| F|  |TAMS 0x000000060cc00000, 0x000000060cc00000| Untracked 
|  47|0x000000060d000000, 0x000000060d000000, 0x000000060d400000|  0%| F|  |TAMS 0x000000060d000000, 0x000000060d000000| Untracked 
|  48|0x000000060d400000, 0x000000060d400000, 0x000000060d800000|  0%| F|  |TAMS 0x000000060d400000, 0x000000060d400000| Untracked 
|  49|0x000000060d800000, 0x000000060d800000, 0x000000060dc00000|  0%| F|  |TAMS 0x000000060d800000, 0x000000060d800000| Untracked 
|  50|0x000000060dc00000, 0x000000060dc00000, 0x000000060e000000|  0%| F|  |TAMS 0x000000060dc00000, 0x000000060dc00000| Untracked 
|  51|0x000000060e000000, 0x000000060e000000, 0x000000060e400000|  0%| F|  |TAMS 0x000000060e000000, 0x000000060e000000| Untracked 
|  52|0x000000060e400000, 0x000000060e400000, 0x000000060e800000|  0%| F|  |TAMS 0x000000060e400000, 0x000000060e400000| Untracked 
|  53|0x000000060e800000, 0x000000060e800000, 0x000000060ec00000|  0%| F|  |TAMS 0x000000060e800000, 0x000000060e800000| Untracked 
|  54|0x000000060ec00000, 0x000000060ec00000, 0x000000060f000000|  0%| F|  |TAMS 0x000000060ec00000, 0x000000060ec00000| Untracked 
|  55|0x000000060f000000, 0x000000060f000000, 0x000000060f400000|  0%| F|  |TAMS 0x000000060f000000, 0x000000060f000000| Untracked 
|  56|0x000000060f400000, 0x000000060f400000, 0x000000060f800000|  0%| F|  |TAMS 0x000000060f400000, 0x000000060f400000| Untracked 
|  57|0x000000060f800000, 0x000000060f800000, 0x000000060fc00000|  0%| F|  |TAMS 0x000000060f800000, 0x000000060f800000| Untracked 
|  58|0x000000060fc00000, 0x000000060fc00000, 0x0000000610000000|  0%| F|  |TAMS 0x000000060fc00000, 0x000000060fc00000| Untracked 
|  59|0x0000000610000000, 0x0000000610000000, 0x0000000610400000|  0%| F|  |TAMS 0x0000000610000000, 0x0000000610000000| Untracked 
|  60|0x0000000610400000, 0x0000000610400000, 0x0000000610800000|  0%| F|  |TAMS 0x0000000610400000, 0x0000000610400000| Untracked 
|  61|0x0000000610800000, 0x0000000610800000, 0x0000000610c00000|  0%| F|  |TAMS 0x0000000610800000, 0x0000000610800000| Untracked 
|  62|0x0000000610c00000, 0x0000000610c00000, 0x0000000611000000|  0%| F|  |TAMS 0x0000000610c00000, 0x0000000610c00000| Untracked 
|  63|0x0000000611000000, 0x0000000611000000, 0x0000000611400000|  0%| F|  |TAMS 0x0000000611000000, 0x0000000611000000| Untracked 
|  64|0x0000000611400000, 0x0000000611400000, 0x0000000611800000|  0%| F|  |TAMS 0x0000000611400000, 0x0000000611400000| Untracked 
|  65|0x0000000611800000, 0x0000000611800000, 0x0000000611c00000|  0%| F|  |TAMS 0x0000000611800000, 0x0000000611800000| Untracked 
|  66|0x0000000611c00000, 0x0000000611c00000, 0x0000000612000000|  0%| F|  |TAMS 0x0000000611c00000, 0x0000000611c00000| Untracked 
|  67|0x0000000612000000, 0x0000000612000000, 0x0000000612400000|  0%| F|  |TAMS 0x0000000612000000, 0x0000000612000000| Untracked 
|  68|0x0000000612400000, 0x0000000612400000, 0x0000000612800000|  0%| F|  |TAMS 0x0000000612400000, 0x0000000612400000| Untracked 
|  69|0x0000000612800000, 0x0000000612800000, 0x0000000612c00000|  0%| F|  |TAMS 0x0000000612800000, 0x0000000612800000| Untracked 
|  70|0x0000000612c00000, 0x0000000612c00000, 0x0000000613000000|  0%| F|  |TAMS 0x0000000612c00000, 0x0000000612c00000| Untracked 
|  71|0x0000000613000000, 0x0000000613000000, 0x0000000613400000|  0%| F|  |TAMS 0x0000000613000000, 0x0000000613000000| Untracked 
|  72|0x0000000613400000, 0x0000000613400000, 0x0000000613800000|  0%| F|  |TAMS 0x0000000613400000, 0x0000000613400000| Untracked 
|  73|0x0000000613800000, 0x0000000613800000, 0x0000000613c00000|  0%| F|  |TAMS 0x0000000613800000, 0x0000000613800000| Untracked 
|  74|0x0000000613c00000, 0x0000000613c00000, 0x0000000614000000|  0%| F|  |TAMS 0x0000000613c00000, 0x0000000613c00000| Untracked 
|  75|0x0000000614000000, 0x0000000614000000, 0x0000000614400000|  0%| F|  |TAMS 0x0000000614000000, 0x0000000614000000| Untracked 
|  76|0x0000000614400000, 0x0000000614400000, 0x0000000614800000|  0%| F|  |TAMS 0x0000000614400000, 0x0000000614400000| Untracked 
|  77|0x0000000614800000, 0x0000000614800000, 0x0000000614c00000|  0%| F|  |TAMS 0x0000000614800000, 0x0000000614800000| Untracked 
|  78|0x0000000614c00000, 0x0000000614c00000, 0x0000000615000000|  0%| F|  |TAMS 0x0000000614c00000, 0x0000000614c00000| Untracked 
|  79|0x0000000615000000, 0x0000000615000000, 0x0000000615400000|  0%| F|  |TAMS 0x0000000615000000, 0x0000000615000000| Untracked 
|  80|0x0000000615400000, 0x0000000615400000, 0x0000000615800000|  0%| F|  |TAMS 0x0000000615400000, 0x0000000615400000| Untracked 
|  81|0x0000000615800000, 0x0000000615800000, 0x0000000615c00000|  0%| F|  |TAMS 0x0000000615800000, 0x0000000615800000| Untracked 
|  82|0x0000000615c00000, 0x0000000615c00000, 0x0000000616000000|  0%| F|  |TAMS 0x0000000615c00000, 0x0000000615c00000| Untracked 
|  83|0x0000000616000000, 0x0000000616000000, 0x0000000616400000|  0%| F|  |TAMS 0x0000000616000000, 0x0000000616000000| Untracked 
|  84|0x0000000616400000, 0x0000000616400000, 0x0000000616800000|  0%| F|  |TAMS 0x0000000616400000, 0x0000000616400000| Untracked 
|  85|0x0000000616800000, 0x0000000616800000, 0x0000000616c00000|  0%| F|  |TAMS 0x0000000616800000, 0x0000000616800000| Untracked 
|  86|0x0000000616c00000, 0x0000000616c00000, 0x0000000617000000|  0%| F|  |TAMS 0x0000000616c00000, 0x0000000616c00000| Untracked 
|  87|0x0000000617000000, 0x0000000617000000, 0x0000000617400000|  0%| F|  |TAMS 0x0000000617000000, 0x0000000617000000| Untracked 
|  88|0x0000000617400000, 0x0000000617400000, 0x0000000617800000|  0%| F|  |TAMS 0x0000000617400000, 0x0000000617400000| Untracked 
|  89|0x0000000617800000, 0x0000000617800000, 0x0000000617c00000|  0%| F|  |TAMS 0x0000000617800000, 0x0000000617800000| Untracked 
|  90|0x0000000617c00000, 0x0000000617c00000, 0x0000000618000000|  0%| F|  |TAMS 0x0000000617c00000, 0x0000000617c00000| Untracked 
|  91|0x0000000618000000, 0x0000000618000000, 0x0000000618400000|  0%| F|  |TAMS 0x0000000618000000, 0x0000000618000000| Untracked 
|  92|0x0000000618400000, 0x0000000618400000, 0x0000000618800000|  0%| F|  |TAMS 0x0000000618400000, 0x0000000618400000| Untracked 
|  93|0x0000000618800000, 0x0000000618800000, 0x0000000618c00000|  0%| F|  |TAMS 0x0000000618800000, 0x0000000618800000| Untracked 
|  94|0x0000000618c00000, 0x0000000618c00000, 0x0000000619000000|  0%| F|  |TAMS 0x0000000618c00000, 0x0000000618c00000| Untracked 
|  95|0x0000000619000000, 0x0000000619000000, 0x0000000619400000|  0%| F|  |TAMS 0x0000000619000000, 0x0000000619000000| Untracked 
|  96|0x0000000619400000, 0x0000000619400000, 0x0000000619800000|  0%| F|  |TAMS 0x0000000619400000, 0x0000000619400000| Untracked 
|  97|0x0000000619800000, 0x0000000619800000, 0x0000000619c00000|  0%| F|  |TAMS 0x0000000619800000, 0x0000000619800000| Untracked 
|  98|0x0000000619c00000, 0x0000000619c00000, 0x000000061a000000|  0%| F|  |TAMS 0x0000000619c00000, 0x0000000619c00000| Untracked 
|  99|0x000000061a000000, 0x000000061a000000, 0x000000061a400000|  0%| F|  |TAMS 0x000000061a000000, 0x000000061a000000| Untracked 
| 100|0x000000061a400000, 0x000000061a400000, 0x000000061a800000|  0%| F|  |TAMS 0x000000061a400000, 0x000000061a400000| Untracked 
| 101|0x000000061a800000, 0x000000061a800000, 0x000000061ac00000|  0%| F|  |TAMS 0x000000061a800000, 0x000000061a800000| Untracked 
| 102|0x000000061ac00000, 0x000000061ac00000, 0x000000061b000000|  0%| F|  |TAMS 0x000000061ac00000, 0x000000061ac00000| Untracked 
| 103|0x000000061b000000, 0x000000061b000000, 0x000000061b400000|  0%| F|  |TAMS 0x000000061b000000, 0x000000061b000000| Untracked 
| 104|0x000000061b400000, 0x000000061b400000, 0x000000061b800000|  0%| F|  |TAMS 0x000000061b400000, 0x000000061b400000| Untracked 
| 105|0x000000061b800000, 0x000000061b800000, 0x000000061bc00000|  0%| F|  |TAMS 0x000000061b800000, 0x000000061b800000| Untracked 
| 106|0x000000061bc00000, 0x000000061bc00000, 0x000000061c000000|  0%| F|  |TAMS 0x000000061bc00000, 0x000000061bc00000| Untracked 
| 107|0x000000061c000000, 0x000000061c000000, 0x000000061c400000|  0%| F|  |TAMS 0x000000061c000000, 0x000000061c000000| Untracked 
| 108|0x000000061c400000, 0x000000061c400000, 0x000000061c800000|  0%| F|  |TAMS 0x000000061c400000, 0x000000061c400000| Untracked 
| 109|0x000000061c800000, 0x000000061c800000, 0x000000061cc00000|  0%| F|  |TAMS 0x000000061c800000, 0x000000061c800000| Untracked 
| 110|0x000000061cc00000, 0x000000061cc00000, 0x000000061d000000|  0%| F|  |TAMS 0x000000061cc00000, 0x000000061cc00000| Untracked 
| 111|0x000000061d000000, 0x000000061d000000, 0x000000061d400000|  0%| F|  |TAMS 0x000000061d000000, 0x000000061d000000| Untracked 
| 112|0x000000061d400000, 0x000000061d400000, 0x000000061d800000|  0%| F|  |TAMS 0x000000061d400000, 0x000000061d400000| Untracked 
| 113|0x000000061d800000, 0x000000061d800000, 0x000000061dc00000|  0%| F|  |TAMS 0x000000061d800000, 0x000000061d800000| Untracked 
| 114|0x000000061dc00000, 0x000000061dc00000, 0x000000061e000000|  0%| F|  |TAMS 0x000000061dc00000, 0x000000061dc00000| Untracked 
| 115|0x000000061e000000, 0x000000061e000000, 0x000000061e400000|  0%| F|  |TAMS 0x000000061e000000, 0x000000061e000000| Untracked 
| 116|0x000000061e400000, 0x000000061e400000, 0x000000061e800000|  0%| F|  |TAMS 0x000000061e400000, 0x000000061e400000| Untracked 
| 117|0x000000061e800000, 0x000000061e800000, 0x000000061ec00000|  0%| F|  |TAMS 0x000000061e800000, 0x000000061e800000| Untracked 
| 118|0x000000061ec00000, 0x000000061ec00000, 0x000000061f000000|  0%| F|  |TAMS 0x000000061ec00000, 0x000000061ec00000| Untracked 
| 119|0x000000061f000000, 0x000000061f000000, 0x000000061f400000|  0%| F|  |TAMS 0x000000061f000000, 0x000000061f000000| Untracked 
| 120|0x000000061f400000, 0x000000061f400000, 0x000000061f800000|  0%| F|  |TAMS 0x000000061f400000, 0x000000061f400000| Untracked 
| 121|0x000000061f800000, 0x000000061fb03658, 0x000000061fc00000| 75%| S|CS|TAMS 0x000000061f800000, 0x000000061f800000| Complete 
| 122|0x000000061fc00000, 0x000000061fc00000, 0x0000000620000000|  0%| F|  |TAMS 0x000000061fc00000, 0x000000061fc00000| Untracked 
| 123|0x0000000620000000, 0x000000062030c718, 0x0000000620400000| 76%| E|  |TAMS 0x0000000620000000, 0x0000000620000000| Complete 
| 124|0x0000000620400000, 0x0000000620800000, 0x0000000620800000|100%| E|CS|TAMS 0x0000000620400000, 0x0000000620400000| Complete 
| 125|0x0000000620800000, 0x0000000620c00000, 0x0000000620c00000|100%| E|CS|TAMS 0x0000000620800000, 0x0000000620800000| Complete 
| 126|0x0000000620c00000, 0x0000000621000000, 0x0000000621000000|100%| E|CS|TAMS 0x0000000620c00000, 0x0000000620c00000| Complete 
| 127|0x0000000621000000, 0x0000000621400000, 0x0000000621400000|100%| E|CS|TAMS 0x0000000621000000, 0x0000000621000000| Complete 

Card table byte_map: [0x00000209f4290000,0x00000209f5290000] _byte_map_base: 0x00000209f1286000

Marking Bits (Prev, Next): (CMBitMap*) 0x00000209da316b70, (CMBitMap*) 0x00000209da316bb0
 Prev Bits: [0x00000209f6290000, 0x00000209fe240000)
 Next Bits: [0x0000020980000000, 0x0000020987fb0000)

Polling page: 0x00000209da380000

Metaspace:

Usage:
  Non-class:      9.67 MB used.
      Class:      1.32 MB used.
       Both:     11.00 MB used.

Virtual space:
  Non-class space:       16.00 MB reserved,       9.81 MB ( 61%) committed,  2 nodes.
      Class space:        1.00 GB reserved,       1.38 MB ( <1%) committed,  1 nodes.
             Both:        1.02 GB reserved,      11.19 MB (  1%) committed. 

Chunk freelists:
   Non-Class:  1.97 MB
       Class:  2.50 MB
        Both:  4.47 MB

MaxMetaspaceSize: unlimited
CompressedClassSpaceSize: 1.00 GB
Initial GC threshold: 21.00 MB
Current GC threshold: 21.00 MB
CDS: on
MetaspaceReclaimPolicy: balanced
 - commit_granule_bytes: 65536.
 - commit_granule_words: 8192.
 - virtual_space_node_default_size: 1048576.
 - enlarge_chunks_in_place: 1.
 - new_chunks_are_fully_committed: 0.
 - uncommit_free_chunks: 1.
 - use_allocation_guard: 0.
 - handle_deallocations: 1.


Internal statistics:

num_allocs_failed_limit: 0.
num_arena_births: 138.
num_arena_deaths: 0.
num_vsnodes_births: 3.
num_vsnodes_deaths: 0.
num_space_committed: 179.
num_space_uncommitted: 0.
num_chunks_returned_to_freelist: 0.
num_chunks_taken_from_freelist: 465.
num_chunk_merges: 0.
num_chunk_splits: 315.
num_chunks_enlarged: 248.
num_purges: 0.
num_inconsistent_stats: 0.

CodeHeap 'non-profiled nmethods': size=119168Kb used=718Kb max_used=718Kb free=118449Kb
 bounds [0x00000209eae80000, 0x00000209eb0f0000, 0x00000209f22e0000]
CodeHeap 'profiled nmethods': size=119104Kb used=4752Kb max_used=4752Kb free=114351Kb
 bounds [0x00000209e3a30000, 0x00000209e3ee0000, 0x00000209eae80000]
CodeHeap 'non-nmethods': size=7488Kb used=2483Kb max_used=3061Kb free=5004Kb
 bounds [0x00000209e32e0000, 0x00000209e35e0000, 0x00000209e3a30000]
 total_blobs=3102 nmethods=2398 adapters=614
 compilation: enabled
              stopped_count=0, restarted_count=0
 full_count=0

Compilation events (20 events):
Event: 8.657 Thread 0x00000209ffd52d90 2391       3       com.sun.prism.impl.VertexBuffer::addVertNoCheck (54 bytes)
Event: 8.657 Thread 0x00000209ffcbaca0 2392       3       com.sun.prism.impl.VertexBuffer::putColor (53 bytes)
Event: 8.658 Thread 0x00000209ffcbaca0 nmethod 2392 0x00000209e3ed3710 code [0x00000209e3ed38a0, 0x00000209e3ed3a58]
Event: 8.658 Thread 0x00000209ffd52d90 nmethod 2391 0x00000209e3ed3b90 code [0x00000209e3ed3d40, 0x00000209e3ed3f28]
Event: 8.775 Thread 0x00000209ffc23410 2393       4       javafx.scene.layout.Region$InsetsProperty::get (123 bytes)
Event: 8.776 Thread 0x00000209ffc23410 nmethod 2393 0x00000209eaf31690 code [0x00000209eaf31820, 0x00000209eaf31a18]
Event: 8.914 Thread 0x00000209ffc23410 2394       4       java.util.WeakHashMap$HashIterator::<init> (41 bytes)
Event: 8.916 Thread 0x00000209ffc23410 nmethod 2394 0x00000209eaf31c90 code [0x00000209eaf31e20, 0x00000209eaf32028]
Event: 8.942 Thread 0x00000209ffc23410 2395       4       java.util.WeakHashMap::entrySet (27 bytes)
Event: 8.943 Thread 0x00000209ffc23410 nmethod 2395 0x00000209eaf32190 code [0x00000209eaf32320, 0x00000209eaf324d8]
Event: 9.885 Thread 0x00000209ffd52d90 2396       1       javafx.scene.layout.Background::isFillPercentageBased (5 bytes)
Event: 9.885 Thread 0x00000209ffc27710 2397       1       com.sun.javafx.sg.prism.NGRegion::supportsOpaqueRegions (2 bytes)
Event: 9.885 Thread 0x00000209ffd52d90 nmethod 2396 0x00000209eaf32590 code [0x00000209eaf32720, 0x00000209eaf327f8]
Event: 9.885 Thread 0x00000209ffc27710 nmethod 2397 0x00000209eaf32890 code [0x00000209eaf32a20, 0x00000209eaf32af8]
Event: 9.998 Thread 0x00000209ffc27710 2398       1       javafx.scene.Parent::isSceneRoot (5 bytes)
Event: 9.998 Thread 0x00000209ffc27710 nmethod 2398 0x00000209eaf32b90 code [0x00000209eaf32d20, 0x00000209eaf32df8]
Event: 10.014 Thread 0x00000209ffc23410 2399       4       com.sun.javafx.UnmodifiableArrayList::get (7 bytes)
Event: 10.015 Thread 0x00000209ffc23410 nmethod 2399 0x00000209eaf32e90 code [0x00000209eaf33000, 0x00000209eaf330b8]
Event: 10.015 Thread 0x00000209ffc23410 2400       4       java.util.WeakHashMap::<init> (133 bytes)
Event: 10.019 Thread 0x00000209ffc23410 nmethod 2400 0x00000209eaf33190 code [0x00000209eaf33320, 0x00000209eaf338d8]

GC Heap History (2 events):
Event: 0.614 GC heap before
{Heap before GC invocations=0 (full 0):
 garbage-first heap   total 524288K, used 20480K [0x0000000601400000, 0x0000000800000000)
  region size 4096K, 6 young (24576K), 0 survivors (0K)
 Metaspace       used 6347K, committed 6464K, reserved 1056768K
  class space    used 780K, committed 832K, reserved 1048576K
}
Event: 0.617 GC heap after
{Heap after GC invocations=1 (full 0):
 garbage-first heap   total 524288K, used 3085K [0x0000000601400000, 0x0000000800000000)
  region size 4096K, 1 young (4096K), 1 survivors (4096K)
 Metaspace       used 6347K, committed 6464K, reserved 1056768K
  class space    used 780K, committed 832K, reserved 1048576K
}

Deoptimization events (20 events):
Event: 0.756 Thread 0x00000209ffd1cba0 Uncommon trap: trap_request=0xffffff45 fr.pc=0x00000209eaeb6da0 relative=0x0000000000000f80
Event: 0.756 Thread 0x00000209ffd1cba0 Uncommon trap: reason=unstable_if action=reinterpret pc=0x00000209eaeb6da0 method=java.util.HashMap.hash(Ljava/lang/Object;)I @ 1 c2
Event: 0.756 Thread 0x00000209ffd1cba0 DEOPT PACKING pc=0x00000209eaeb6da0 sp=0x000000849d2fd740
Event: 0.756 Thread 0x00000209ffd1cba0 DEOPT UNPACKING pc=0x00000209e33323a3 sp=0x000000849d2fd6e0 mode 2
Event: 0.779 Thread 0x00000209ffd1cba0 Uncommon trap: trap_request=0xffffffde fr.pc=0x00000209eae8d6ac relative=0x00000000000001ac
Event: 0.779 Thread 0x00000209ffd1cba0 Uncommon trap: reason=class_check action=maybe_recompile pc=0x00000209eae8d6ac method=java.lang.String.equals(Ljava/lang/Object;)Z @ 8 c2
Event: 0.779 Thread 0x00000209ffd1cba0 DEOPT PACKING pc=0x00000209eae8d6ac sp=0x000000849d2fd7e0
Event: 0.779 Thread 0x00000209ffd1cba0 DEOPT UNPACKING pc=0x00000209e33323a3 sp=0x000000849d2fd788 mode 2
Event: 0.779 Thread 0x00000209ffd1cba0 Uncommon trap: trap_request=0xffffffde fr.pc=0x00000209eae8d6ac relative=0x00000000000001ac
Event: 0.779 Thread 0x00000209ffd1cba0 Uncommon trap: reason=class_check action=maybe_recompile pc=0x00000209eae8d6ac method=java.lang.String.equals(Ljava/lang/Object;)Z @ 8 c2
Event: 0.779 Thread 0x00000209ffd1cba0 DEOPT PACKING pc=0x00000209eae8d6ac sp=0x000000849d2fd6f0
Event: 0.779 Thread 0x00000209ffd1cba0 DEOPT UNPACKING pc=0x00000209e33323a3 sp=0x000000849d2fd698 mode 2
Event: 0.779 Thread 0x00000209ffd1cba0 Uncommon trap: trap_request=0xffffffde fr.pc=0x00000209eae8d6ac relative=0x00000000000001ac
Event: 0.779 Thread 0x00000209ffd1cba0 Uncommon trap: reason=class_check action=maybe_recompile pc=0x00000209eae8d6ac method=java.lang.String.equals(Ljava/lang/Object;)Z @ 8 c2
Event: 0.779 Thread 0x00000209ffd1cba0 DEOPT PACKING pc=0x00000209eae8d6ac sp=0x000000849d2fd6f0
Event: 0.779 Thread 0x00000209ffd1cba0 DEOPT UNPACKING pc=0x00000209e33323a3 sp=0x000000849d2fd698 mode 2
Event: 1.031 Thread 0x00000209ffc20090 Uncommon trap: trap_request=0xffffff45 fr.pc=0x00000209eae8da18 relative=0x00000000000000f8
Event: 1.031 Thread 0x00000209ffc20090 Uncommon trap: reason=unstable_if action=reinterpret pc=0x00000209eae8da18 method=java.lang.StringLatin1.lastIndexOf([BI[BII)I @ 86 c2
Event: 1.031 Thread 0x00000209ffc20090 DEOPT PACKING pc=0x00000209eae8da18 sp=0x000000849bdfe0e0
Event: 1.031 Thread 0x00000209ffc20090 DEOPT UNPACKING pc=0x00000209e33323a3 sp=0x000000849bdfe038 mode 2

Classes unloaded (0 events):
No events

Classes redefined (0 events):
No events

Internal exceptions (20 events):
Event: 0.055 Thread 0x00000209da29e240 Exception <a 'java/lang/NoSuchMethodError'{0x000000062121a2e0}: 'void java.lang.invoke.DirectMethodHandle$Holder.invokeVirtual(java.lang.Object, java.lang.Object)'> (0x000000062121a2e0) 
thrown [t:\workspace\open\src\hotspot\share\interpreter\linkResolver.cpp, line 766]
Event: 0.119 Thread 0x00000209ffd1da10 Exception <a 'java/lang/NoSuchMethodError'{0x0000000620fced90}: 'java.lang.Object java.lang.invoke.DirectMethodHandle$Holder.invokeStaticInit(java.lang.Object)'> (0x0000000620fced90) 
thrown [t:\workspace\open\src\hotspot\share\interpreter\linkResolver.cpp, line 766]
Event: 0.122 Thread 0x00000209ffd1da10 Exception <a 'java/lang/ClassNotFoundException'{0x0000000620fd9fa8}: jdk/net/ExtendedSocketOptions> (0x0000000620fd9fa8) 
thrown [t:\workspace\open\src\hotspot\share\classfile\systemDictionary.cpp, line 256]
Event: 0.123 Thread 0x00000209ffd1da10 Exception <a 'java/lang/NoSuchMethodError'{0x0000000620fdb840}: 'void java.lang.invoke.DirectMethodHandle$Holder.invokeStatic(java.lang.Object, java.lang.Object)'> (0x0000000620fdb840) 
thrown [t:\workspace\open\src\hotspot\share\interpreter\linkResolver.cpp, line 766]
Event: 0.329 Thread 0x00000209da29e240 Exception <a 'java/lang/NoSuchMethodError'{0x000000062065ac58}: 'void java.lang.invoke.DirectMethodHandle$Holder.invokeSpecial(java.lang.Object, java.lang.Object, java.lang.Object)'> (0x000000062065ac58) 
thrown [t:\workspace\open\src\hotspot\share\interpreter\linkResolver.cpp, line 766]
Event: 0.336 Thread 0x00000209da29e240 Exception <a 'java/lang/NoSuchMethodError'{0x0000000620691488}: 'void java.lang.invoke.DirectMethodHandle$Holder.invokeStatic(java.lang.Object, java.lang.Object, java.lang.Object)'> (0x0000000620691488) 
thrown [t:\workspace\open\src\hotspot\share\interpreter\linkResolver.cpp, line 766]
Event: 0.382 Thread 0x00000209da29e240 Exception <a 'java/lang/NoSuchMethodError'{0x00000006206adf88}: 'int java.lang.invoke.DirectMethodHandle$Holder.invokeStaticInit(java.lang.Object, java.lang.Object, java.lang.Object)'> (0x00000006206adf88) 
thrown [t:\workspace\open\src\hotspot\share\interpreter\linkResolver.cpp, line 766]
Event: 0.399 Thread 0x00000209da29e240 Exception <a 'java/lang/NoSuchMethodError'{0x00000006207ea178}: 'java.lang.Object java.lang.invoke.DirectMethodHandle$Holder.newInvokeSpecial(java.lang.Object, java.lang.Object, int, java.lang.Object)'> (0x00000006207ea178) 
thrown [t:\workspace\open\src\hotspot\share\interpreter\linkResolver.cpp, line 766]
Event: 0.399 Thread 0x00000209da29e240 Exception <a 'java/lang/NoSuchMethodError'{0x0000000620002e08}: 'java.lang.Object java.lang.invoke.DirectMethodHandle$Holder.invokeSpecial(java.lang.Object, java.lang.Object, java.lang.Object, int, java.lang.Object)'> (0x0000000620002e08) 
thrown [t:\workspace\open\src\hotspot\share\interpreter\linkResolver.cpp, line 766]
Event: 0.539 Thread 0x00000209ffd1cba0 Exception <a 'java/lang/NoSuchMethodError'{0x0000000620312538}: 'void java.lang.invoke.DirectMethodHandle$Holder.invokeStaticInit(java.lang.Object)'> (0x0000000620312538) 
thrown [t:\workspace\open\src\hotspot\share\interpreter\linkResolver.cpp, line 766]
Event: 0.541 Thread 0x00000209da29e240 Exception <a 'java/lang/NoSuchMethodError'{0x0000000620017fe8}: 'java.lang.Object java.lang.invoke.DirectMethodHandle$Holder.newInvokeSpecial(java.lang.Object, java.lang.Object, java.lang.Object, java.lang.Object, java.lang.Object, java.lang.Object)'> (0x0000000620017fe8) 
thrown [t:\workspace\open\src\hotspot\share\interpreter\linkResolver.cpp, line 766]
Event: 0.555 Thread 0x00000209da29e240 Exception <a 'java/lang/NoSuchMethodError'{0x0000000620048fb8}: 'java.lang.Object java.lang.invoke.DirectMethodHandle$Holder.newInvokeSpecial(java.lang.Object, java.lang.Object, java.lang.Object, java.lang.Object, java.lang.Object)'> (0x0000000620048fb8) 
thrown [t:\workspace\open\src\hotspot\share\interpreter\linkResolver.cpp, line 766]
Event: 0.556 Thread 0x00000209ffd1bd30 Exception <a 'java/lang/NoSuchMethodError'{0x00000006203e6ca8}: 'void java.lang.invoke.DirectMethodHandle$Holder.invokeStatic(java.lang.Object, java.lang.Object, java.lang.Object, java.lang.Object)'> (0x00000006203e6ca8) 
thrown [t:\workspace\open\src\hotspot\share\interpreter\linkResolver.cpp, line 766]
Event: 0.593 Thread 0x00000209ffd1cba0 Exception <a 'sun/nio/fs/WindowsException'{0x000000061feebf38}> (0x000000061feebf38) 
thrown [t:\workspace\open\src\hotspot\share\prims\jni.cpp, line 516]
Event: 0.628 Thread 0x00000209ffd1cba0 Exception <a 'java/lang/NoSuchMethodError'{0x0000000621213cb0}: 'java.lang.Object java.lang.invoke.DirectMethodHandle$Holder.invokeStaticInit(java.lang.Object, java.lang.Object, java.lang.Object, java.lang.Object)'> (0x0000000621213cb0) 
thrown [t:\workspace\open\src\hotspot\share\interpreter\linkResolver.cpp, line 766]
Event: 0.629 Thread 0x00000209ffd1cba0 Exception <a 'java/lang/NullPointerException'{0x000000062121f978}> (0x000000062121f978) 
thrown [t:\workspace\open\src\hotspot\share\interpreter\linkResolver.cpp, line 1357]
Event: 0.667 Thread 0x00000209ffd1cba0 Exception <a 'sun/nio/fs/WindowsException'{0x0000000620daed30}> (0x0000000620daed30) 
thrown [t:\workspace\open\src\hotspot\share\prims\jni.cpp, line 516]
Event: 0.756 Thread 0x00000209ffd1cba0 Implicit null exception at 0x00000209eaeb5e5c to 0x00000209eaeb6d88
Event: 0.782 Thread 0x00000209ffd1cba0 Exception <a 'java/lang/NoSuchMethodError'{0x000000062059e120}: 'java.lang.Object java.lang.invoke.DirectMethodHandle$Holder.newInvokeSpecial(java.lang.Object, java.lang.Object, int)'> (0x000000062059e120) 
thrown [t:\workspace\open\src\hotspot\share\interpreter\linkResolver.cpp, line 766]
Event: 0.795 Thread 0x00000209ffd1aec0 Exception <a 'java/lang/NoSuchMethodError'{0x0000000620746bd8}: 'int java.lang.invoke.DirectMethodHandle$Holder.invokeStaticInit(java.lang.Object, java.lang.Object)'> (0x0000000620746bd8) 
thrown [t:\workspace\open\src\hotspot\share\interpreter\linkResolver.cpp, line 766]

VM Operations (20 events):
Event: 0.096 Executing VM operation: HandshakeAllThreads
Event: 0.096 Executing VM operation: HandshakeAllThreads done
Event: 0.096 Executing VM operation: HandshakeAllThreads
Event: 0.096 Executing VM operation: HandshakeAllThreads done
Event: 0.117 Executing VM operation: HandshakeAllThreads
Event: 0.117 Executing VM operation: HandshakeAllThreads done
Event: 0.390 Executing VM operation: HandshakeAllThreads
Event: 0.390 Executing VM operation: HandshakeAllThreads done
Event: 0.614 Executing VM operation: G1CollectForAllocation
Event: 0.617 Executing VM operation: G1CollectForAllocation done
Event: 2.617 Executing VM operation: Cleanup
Event: 2.617 Executing VM operation: Cleanup done
Event: 4.617 Executing VM operation: Cleanup
Event: 4.617 Executing VM operation: Cleanup done
Event: 5.617 Executing VM operation: Cleanup
Event: 5.617 Executing VM operation: Cleanup done
Event: 7.618 Executing VM operation: Cleanup
Event: 7.618 Executing VM operation: Cleanup done
Event: 8.619 Executing VM operation: Cleanup
Event: 8.619 Executing VM operation: Cleanup done

Events (20 events):
Event: 1.030 loading class sun/util/resources/cldr/TimeZoneNames done
Event: 1.031 loading class sun/util/resources/cldr/TimeZoneNames_en
Event: 1.031 loading class sun/util/resources/cldr/TimeZoneNames_en done
Event: 1.031 loading class sun/util/resources/cldr/TimeZoneNames_en_US
Event: 1.031 loading class sun/util/resources/cldr/TimeZoneNames_en_US done
Event: 1.032 loading class sun/util/resources/TimeZoneNames
Event: 1.032 loading class sun/util/resources/TimeZoneNames done
Event: 1.033 loading class sun/util/resources/TimeZoneNames_en
Event: 1.033 loading class sun/util/resources/TimeZoneNames_en done
Event: 5.244 loading class java/util/EnumMap$Values
Event: 5.244 loading class java/util/EnumMap$Values done
Event: 5.244 loading class java/util/EnumMap$ValueIterator
Event: 5.244 loading class java/util/EnumMap$EnumMapIterator
Event: 5.244 loading class java/util/EnumMap$EnumMapIterator done
Event: 5.244 loading class java/util/EnumMap$ValueIterator done
Event: 6.526 Thread 0x00000209ffd536b0 Thread exited: 0x00000209ffd536b0
Event: 6.767 Thread 0x000002098aa4ab80 Thread added: 0x000002098aa4ab80
Event: 8.121 Thread 0x000002098aa4ab80 Thread exited: 0x000002098aa4ab80
Event: 8.163 Thread 0x000002098aa4ab80 Thread added: 0x000002098aa4ab80
Event: 9.885 Thread 0x000002098aa4ab80 Thread exited: 0x000002098aa4ab80


Dynamic libraries:
0x00007ff604570000 - 0x00007ff60457e000 	C:\Users\Havel\.jdks\openjdk-17.0.2\bin\java.exe
0x00007ffedc170000 - 0x00007ffedc365000 	C:\Windows\SYSTEM32\ntdll.dll
0x00007ffeda320000 - 0x00007ffeda3de000 	C:\Windows\System32\KERNEL32.DLL
0x00007ffed9a90000 - 0x00007ffed9d58000 	C:\Windows\System32\KERNELBASE.dll
0x00007ffeda010000 - 0x00007ffeda110000 	C:\Windows\System32\ucrtbase.dll
0x00007ffed7a40000 - 0x00007ffed7a5a000 	C:\Users\Havel\.jdks\openjdk-17.0.2\bin\VCRUNTIME140.dll
0x00007ffed7a60000 - 0x00007ffed7a78000 	C:\Users\Havel\.jdks\openjdk-17.0.2\bin\jli.dll
0x00007ffedaed0000 - 0x00007ffedb070000 	C:\Windows\System32\USER32.dll
0x00007ffed8c70000 - 0x00007ffed8f0a000 	C:\Windows\WinSxS\amd64_microsoft.windows.common-controls_6595b64144ccf1df_6.0.19041.1110_none_60b5254171f9507e\COMCTL32.dll
0x00007ffed99a0000 - 0x00007ffed99c2000 	C:\Windows\System32\win32u.dll
0x00007ffedbb20000 - 0x00007ffedbb4b000 	C:\Windows\System32\GDI32.dll
0x00007ffeda1d0000 - 0x00007ffeda26e000 	C:\Windows\System32\msvcrt.dll
0x00007ffed9890000 - 0x00007ffed999b000 	C:\Windows\System32\gdi32full.dll
0x00007ffed9f70000 - 0x00007ffeda00d000 	C:\Windows\System32\msvcp_win.dll
0x00007ffedaba0000 - 0x00007ffedabd0000 	C:\Windows\System32\IMM32.DLL
0x00007ffed7770000 - 0x00007ffed777c000 	C:\Users\Havel\.jdks\openjdk-17.0.2\bin\vcruntime140_1.dll
0x00007ffeceba0000 - 0x00007ffecec2d000 	C:\Users\Havel\.jdks\openjdk-17.0.2\bin\msvcp140.dll
0x00007ffe9fd30000 - 0x00007ffea08f1000 	C:\Users\Havel\.jdks\openjdk-17.0.2\bin\server\jvm.dll
0x00007ffedbc10000 - 0x00007ffedbcbe000 	C:\Windows\System32\ADVAPI32.dll
0x00007ffeda270000 - 0x00007ffeda30c000 	C:\Windows\System32\sechost.dll
0x00007ffeda710000 - 0x00007ffeda835000 	C:\Windows\System32\RPCRT4.dll
0x00007ffeda310000 - 0x00007ffeda318000 	C:\Windows\System32\PSAPI.DLL
0x00007ffed7a30000 - 0x00007ffed7a39000 	C:\Windows\SYSTEM32\WSOCK32.dll
0x00007ffeda4c0000 - 0x00007ffeda52b000 	C:\Windows\System32\WS2_32.dll
0x00007ffed38e0000 - 0x00007ffed38ea000 	C:\Windows\SYSTEM32\VERSION.dll
0x00007ffece680000 - 0x00007ffece6a7000 	C:\Windows\SYSTEM32\WINMM.dll
0x00007ffed69e0000 - 0x00007ffed69f2000 	C:\Windows\SYSTEM32\kernel.appcore.dll
0x00007ffed7760000 - 0x00007ffed776a000 	C:\Users\Havel\.jdks\openjdk-17.0.2\bin\jimage.dll
0x00007ffed9230000 - 0x00007ffed9414000 	C:\Windows\SYSTEM32\DBGHELP.DLL
0x00007ffed9060000 - 0x00007ffed908c000 	C:\Windows\SYSTEM32\dbgcore.DLL
0x00007ffeda140000 - 0x00007ffeda1c2000 	C:\Windows\System32\bcryptPrimitives.dll
0x00007ffed79b0000 - 0x00007ffed79be000 	C:\Users\Havel\.jdks\openjdk-17.0.2\bin\instrument.dll
0x00007ffed4a20000 - 0x00007ffed4a45000 	C:\Users\Havel\.jdks\openjdk-17.0.2\bin\java.dll
0x00007ffec6890000 - 0x00007ffec6966000 	C:\Users\Havel\.jdks\openjdk-17.0.2\bin\jsvml.dll
0x00007ffedb070000 - 0x00007ffedb7b4000 	C:\Windows\System32\SHELL32.dll
0x00007ffed6be0000 - 0x00007ffed7374000 	C:\Windows\SYSTEM32\windows.storage.dll
0x00007ffeda840000 - 0x00007ffedab94000 	C:\Windows\System32\combase.dll
0x00007ffed8c00000 - 0x00007ffed8c2c000 	C:\Windows\SYSTEM32\Wldp.dll
0x00007ffedabf0000 - 0x00007ffedac9d000 	C:\Windows\System32\SHCORE.dll
0x00007ffedaca0000 - 0x00007ffedacf5000 	C:\Windows\System32\shlwapi.dll
0x00007ffed97d0000 - 0x00007ffed97ef000 	C:\Windows\SYSTEM32\profapi.dll
0x00007ffed7450000 - 0x00007ffed7469000 	C:\Users\Havel\.jdks\openjdk-17.0.2\bin\net.dll
0x00007ffed23c0000 - 0x00007ffed24c9000 	C:\Windows\SYSTEM32\WINHTTP.dll
0x00007ffed8ad0000 - 0x00007ffed8b3a000 	C:\Windows\system32\mswsock.dll
0x00007ffed4490000 - 0x00007ffed44a6000 	C:\Users\Havel\.jdks\openjdk-17.0.2\bin\nio.dll
0x00007ffed1e90000 - 0x00007ffed1ea8000 	C:\Users\Havel\.jdks\openjdk-17.0.2\bin\zip.dll
0x00007ffed7920000 - 0x00007ffed793a000 	C:\Program Files\JetBrains\IntelliJ IDEA Community Edition 2021.3.2\bin\breakgen64.dll
0x000002098b780000 - 0x000002098b783000 	C:\Users\Havel\.openjfx\cache\17.0.1\api-ms-win-core-console-l1-1-0.dll
0x000002098b790000 - 0x000002098b793000 	C:\Users\Havel\.openjfx\cache\17.0.1\api-ms-win-core-console-l1-2-0.dll
0x000002098b7a0000 - 0x000002098b7a3000 	C:\Users\Havel\.openjfx\cache\17.0.1\api-ms-win-core-datetime-l1-1-0.dll
0x000002098b7b0000 - 0x000002098b7b3000 	C:\Users\Havel\.openjfx\cache\17.0.1\api-ms-win-core-debug-l1-1-0.dll
0x000002098b7c0000 - 0x000002098b7c3000 	C:\Users\Havel\.openjfx\cache\17.0.1\api-ms-win-core-errorhandling-l1-1-0.dll
0x000002098b7d0000 - 0x000002098b7d4000 	C:\Users\Havel\.openjfx\cache\17.0.1\api-ms-win-core-file-l1-1-0.dll
0x000002098b7e0000 - 0x000002098b7e3000 	C:\Users\Havel\.openjfx\cache\17.0.1\api-ms-win-core-file-l1-2-0.dll
0x000002098b7f0000 - 0x000002098b7f3000 	C:\Users\Havel\.openjfx\cache\17.0.1\api-ms-win-core-file-l2-1-0.dll
0x000002098bb50000 - 0x000002098bb53000 	C:\Users\Havel\.openjfx\cache\17.0.1\api-ms-win-core-handle-l1-1-0.dll
0x000002098bb60000 - 0x000002098bb63000 	C:\Users\Havel\.openjfx\cache\17.0.1\api-ms-win-core-heap-l1-1-0.dll
0x000002098bb70000 - 0x000002098bb73000 	C:\Users\Havel\.openjfx\cache\17.0.1\api-ms-win-core-interlocked-l1-1-0.dll
0x000002098b800000 - 0x000002098b803000 	C:\Users\Havel\.openjfx\cache\17.0.1\api-ms-win-core-libraryloader-l1-1-0.dll
0x000002098b810000 - 0x000002098b813000 	C:\Users\Havel\.openjfx\cache\17.0.1\api-ms-win-core-localization-l1-2-0.dll
0x000002098b820000 - 0x000002098b823000 	C:\Users\Havel\.openjfx\cache\17.0.1\api-ms-win-core-memory-l1-1-0.dll
0x000002098b830000 - 0x000002098b833000 	C:\Users\Havel\.openjfx\cache\17.0.1\api-ms-win-core-namedpipe-l1-1-0.dll
0x000002098b840000 - 0x000002098b843000 	C:\Users\Havel\.openjfx\cache\17.0.1\api-ms-win-core-processenvironment-l1-1-0.dll
0x000002098b850000 - 0x000002098b853000 	C:\Users\Havel\.openjfx\cache\17.0.1\api-ms-win-core-processthreads-l1-1-0.dll
0x000002098b860000 - 0x000002098b863000 	C:\Users\Havel\.openjfx\cache\17.0.1\api-ms-win-core-processthreads-l1-1-1.dll
0x000002098b870000 - 0x000002098b873000 	C:\Users\Havel\.openjfx\cache\17.0.1\api-ms-win-core-profile-l1-1-0.dll
0x000002098b880000 - 0x000002098b883000 	C:\Users\Havel\.openjfx\cache\17.0.1\api-ms-win-core-rtlsupport-l1-1-0.dll
0x000002098b890000 - 0x000002098b893000 	C:\Users\Havel\.openjfx\cache\17.0.1\api-ms-win-core-string-l1-1-0.dll
0x000002098b8a0000 - 0x000002098b8a3000 	C:\Users\Havel\.openjfx\cache\17.0.1\api-ms-win-core-synch-l1-1-0.dll
0x000002098b8b0000 - 0x000002098b8b3000 	C:\Users\Havel\.openjfx\cache\17.0.1\api-ms-win-core-synch-l1-2-0.dll
0x000002098b9d0000 - 0x000002098b9d3000 	C:\Users\Havel\.openjfx\cache\17.0.1\api-ms-win-core-sysinfo-l1-1-0.dll
0x000002098b9e0000 - 0x000002098b9e3000 	C:\Users\Havel\.openjfx\cache\17.0.1\api-ms-win-core-timezone-l1-1-0.dll
0x000002098b9f0000 - 0x000002098b9f3000 	C:\Users\Havel\.openjfx\cache\17.0.1\api-ms-win-core-util-l1-1-0.dll
0x000002098ba00000 - 0x000002098ba03000 	C:\Users\Havel\.openjfx\cache\17.0.1\api-ms-win-crt-conio-l1-1-0.dll
0x000002098ba10000 - 0x000002098ba14000 	C:\Users\Havel\.openjfx\cache\17.0.1\api-ms-win-crt-convert-l1-1-0.dll
0x000002098ba20000 - 0x000002098ba23000 	C:\Users\Havel\.openjfx\cache\17.0.1\api-ms-win-crt-environment-l1-1-0.dll
0x000002098ba30000 - 0x000002098ba33000 	C:\Users\Havel\.openjfx\cache\17.0.1\api-ms-win-crt-filesystem-l1-1-0.dll
0x000002098b8c0000 - 0x000002098b8c3000 	C:\Users\Havel\.openjfx\cache\17.0.1\api-ms-win-crt-heap-l1-1-0.dll
0x000002098b8d0000 - 0x000002098b8d3000 	C:\Users\Havel\.openjfx\cache\17.0.1\api-ms-win-crt-locale-l1-1-0.dll
0x000002098b8e0000 - 0x000002098b8e5000 	C:\Users\Havel\.openjfx\cache\17.0.1\api-ms-win-crt-math-l1-1-0.dll
0x000002098b8f0000 - 0x000002098b8f5000 	C:\Users\Havel\.openjfx\cache\17.0.1\api-ms-win-crt-multibyte-l1-1-0.dll
0x000002098b900000 - 0x000002098b910000 	C:\Users\Havel\.openjfx\cache\17.0.1\api-ms-win-crt-private-l1-1-0.dll
0x000002098b910000 - 0x000002098b913000 	C:\Users\Havel\.openjfx\cache\17.0.1\api-ms-win-crt-process-l1-1-0.dll
0x000002098b920000 - 0x000002098b924000 	C:\Users\Havel\.openjfx\cache\17.0.1\api-ms-win-crt-runtime-l1-1-0.dll
0x000002098b930000 - 0x000002098b934000 	C:\Users\Havel\.openjfx\cache\17.0.1\api-ms-win-crt-stdio-l1-1-0.dll
0x000002098b940000 - 0x000002098b944000 	C:\Users\Havel\.openjfx\cache\17.0.1\api-ms-win-crt-string-l1-1-0.dll
0x000002098b950000 - 0x000002098b953000 	C:\Users\Havel\.openjfx\cache\17.0.1\api-ms-win-crt-time-l1-1-0.dll
0x000002098b960000 - 0x000002098b963000 	C:\Users\Havel\.openjfx\cache\17.0.1\api-ms-win-crt-utility-l1-1-0.dll
0x00007ffec65b0000 - 0x00007ffec66ac000 	C:\Users\Havel\.openjfx\cache\17.0.1\ucrtbase.dll
0x00007ffed1c80000 - 0x00007ffed1c9a000 	C:\Users\Havel\.openjfx\cache\17.0.1\vcruntime140.dll
0x00007ffed7530000 - 0x00007ffed753c000 	C:\Users\Havel\.openjfx\cache\17.0.1\vcruntime140_1.dll
0x00007ffed0aa0000 - 0x00007ffed0b2d000 	C:\Users\Havel\.openjfx\cache\17.0.1\msvcp140.dll
0x00007ffed1260000 - 0x00007ffed128a000 	C:\Users\Havel\.openjfx\cache\17.0.1\prism_d3d.dll
0x00007ffecda90000 - 0x00007ffecdc5f000 	C:\Windows\system32\d3d9.dll
0x00007ffed6800000 - 0x00007ffed682f000 	C:\Windows\SYSTEM32\dwmapi.dll
0x00007ffed65e0000 - 0x00007ffed667e000 	C:\Windows\system32\uxtheme.dll
0x00007ffecbfe0000 - 0x00007ffecc0e6000 	C:\Windows\System32\DriverStore\FileRepository\nv_dispi.inf_amd64_c0e159863e7afdde\nvldumdx.dll
0x00007ffed9040000 - 0x00007ffed9052000 	C:\Windows\SYSTEM32\msasn1.dll
0x00007ffed37c0000 - 0x00007ffed37f1000 	C:\Windows\SYSTEM32\cryptnet.dll
0x00007ffed9e10000 - 0x00007ffed9f66000 	C:\Windows\System32\CRYPT32.dll
0x00007ffed3670000 - 0x00007ffed37b8000 	C:\Windows\SYSTEM32\drvstore.dll
0x00007ffed9650000 - 0x00007ffed9683000 	C:\Windows\SYSTEM32\devobj.dll
0x00007ffed9a40000 - 0x00007ffed9a8e000 	C:\Windows\System32\cfgmgr32.dll
0x00007ffed8a40000 - 0x00007ffed8a4c000 	C:\Windows\SYSTEM32\cryptbase.dll
0x00007ffed99d0000 - 0x00007ffed9a38000 	C:\Windows\System32\WINTRUST.DLL
0x00007ffeda6f0000 - 0x00007ffeda70d000 	C:\Windows\System32\imagehlp.dll
0x00007ffed9610000 - 0x00007ffed9628000 	C:\Windows\SYSTEM32\CRYPTSP.dll
0x00007ffed82c0000 - 0x00007ffed82f4000 	C:\Windows\system32\rsaenh.dll
0x00007ffeda110000 - 0x00007ffeda137000 	C:\Windows\System32\bcrypt.dll
0x00007ffe9c720000 - 0x00007ffe9dea8000 	C:\Windows\System32\DriverStore\FileRepository\nv_dispi.inf_amd64_c0e159863e7afdde\nvd3dumx.dll
0x00007ffeceb00000 - 0x00007ffeceb42000 	C:\Users\Havel\.openjfx\cache\17.0.1\glass.dll
0x00007ffeda3e0000 - 0x00007ffeda4bb000 	C:\Windows\System32\COMDLG32.dll
0x00007ffeda530000 - 0x00007ffeda65a000 	C:\Windows\System32\ole32.dll
0x00007ffedb970000 - 0x00007ffedba3d000 	C:\Windows\System32\OLEAUT32.dll
0x0000000180000000 - 0x0000000182dd7000 	C:\Program Files (x86)\RivaTuner Statistics Server\RTSSHooks64.dll
0x00007ffedbcc0000 - 0x00007ffedc130000 	C:\Windows\System32\SETUPAPI.dll
0x00007ffedad00000 - 0x00007ffedae16000 	C:\Windows\System32\MSCTF.dll
0x00007ffeb55c0000 - 0x00007ffeb5887000 	C:\Windows\system32\nvspcap64.dll
0x00007ffed94f0000 - 0x00007ffed9523000 	C:\Windows\SYSTEM32\ntmarta.dll
0x00007ffed7b20000 - 0x00007ffed7b43000 	C:\Windows\SYSTEM32\gpapi.dll
0x00007ffecbf60000 - 0x00007ffecbf9b000 	C:\Windows\SYSTEM32\dxcore.dll
0x00007ffed1240000 - 0x00007ffed1254000 	C:\Users\Havel\.openjfx\cache\17.0.1\javafx_font.dll
0x00007ffec7900000 - 0x00007ffec7b7f000 	C:\Windows\SYSTEM32\dwrite.dll
0x00007ffedae20000 - 0x00007ffedaec9000 	C:\Windows\System32\clbcatq.dll
0x00007ffecfab0000 - 0x00007ffecfc64000 	C:\Windows\SYSTEM32\WindowsCodecs.dll
0x00007ffed07f0000 - 0x00007ffed082e000 	C:\Windows\system32\dataexchange.dll
0x00007ffed4f60000 - 0x00007ffed51c4000 	C:\Windows\system32\d3d11.dll
0x00007ffed5900000 - 0x00007ffed5ae5000 	C:\Windows\system32\dcomp.dll

dbghelp: loaded successfully - version: 4.0.5 - missing functions: none
symbol engine: initialized successfully - sym options: 0x614 - pdb path: .;C:\Users\Havel\.jdks\openjdk-17.0.2\bin;C:\Windows\SYSTEM32;C:\Windows\WinSxS\amd64_microsoft.windows.common-controls_6595b64144ccf1df_6.0.19041.1110_none_60b5254171f9507e;C:\Users\Havel\.jdks\openjdk-17.0.2\bin\server;C:\Program Files\JetBrains\IntelliJ IDEA Community Edition 2021.3.2\bin;C:\Users\Havel\.openjfx\cache\17.0.1;C:\Windows\System32\DriverStore\FileRepository\nv_dispi.inf_amd64_c0e159863e7afdde;C:\Program Files (x86)\RivaTuner Statistics Server;C:\Program Files\Common Files\Microsoft Shared\Ink

VM Arguments:
jvm_args: -javaagent:C:\Program Files\JetBrains\IntelliJ IDEA Community Edition 2021.3.2\lib\idea_rt.jar=61053:C:\Program Files\JetBrains\IntelliJ IDEA Community Edition 2021.3.2\bin -Dfile.encoding=UTF-8 --module-path=C:\Users\Havel\IdeaProjects\JavaFX project\target\classes;C:\Users\Havel\.m2\repository\org\openjfx\javafx-fxml\17.0.1\javafx-fxml-17.0.1-win.jar;C:\Users\Havel\.m2\repository\org\openjfx\javafx-base\17.0.1\javafx-base-17.0.1-win.jar;C:\Users\Havel\.m2\repository\org\openjfx\javafx-graphics\17.0.1\javafx-graphics-17.0.1-win.jar;C:\Users\Havel\.m2\repository\org\openjfx\javafx-controls\17.0.1\javafx-controls-17.0.1-win.jar -Djdk.module.main=com.example.javafxproject 
java_command: com.example.javafxproject/com.example.javafxproject.Application
java_class_path (initial): C:\Users\Havel\.m2\repository\org\openjfx\javafx-controls\17.0.1\javafx-controls-17.0.1.jar;C:\Users\Havel\.m2\repository\org\openjfx\javafx-graphics\17.0.1\javafx-graphics-17.0.1.jar;C:\Users\Havel\.m2\repository\org\openjfx\javafx-base\17.0.1\javafx-base-17.0.1.jar;C:\Users\Havel\.m2\repository\org\openjfx\javafx-fxml\17.0.1\javafx-fxml-17.0.1.jar
Launcher Type: SUN_STANDARD

[Global flags]
     intx CICompilerCount                          = 12                                        {product} {ergonomic}
     uint ConcGCThreads                            = 3                                         {product} {ergonomic}
     uint G1ConcRefinementThreads                  = 13                                        {product} {ergonomic}
   size_t G1HeapRegionSize                         = 4194304                                   {product} {ergonomic}
    uintx GCDrainStackTargetSize                   = 64                                        {product} {ergonomic}
   size_t InitialHeapSize                          = 536870912                                 {product} {ergonomic}
   size_t MarkStackSize                            = 4194304                                   {product} {ergonomic}
   size_t MaxHeapSize                              = 8568963072                                {product} {ergonomic}
   size_t MaxNewSize                               = 5138022400                                {product} {ergonomic}
   size_t MinHeapDeltaBytes                        = 4194304                                   {product} {ergonomic}
   size_t MinHeapSize                              = 8388608                                   {product} {ergonomic}
    uintx NonNMethodCodeHeapSize                   = 7602480                                {pd product} {ergonomic}
    uintx NonProfiledCodeHeapSize                  = 122027880                              {pd product} {ergonomic}
    uintx ProfiledCodeHeapSize                     = 122027880                              {pd product} {ergonomic}
    uintx ReservedCodeCacheSize                    = 251658240                              {pd product} {ergonomic}
     bool SegmentedCodeCache                       = true                                      {product} {ergonomic}
   size_t SoftMaxHeapSize                          = 8568963072                             {manageable} {ergonomic}
     bool UseCompressedClassPointers               = true                           {product lp64_product} {ergonomic}
     bool UseCompressedOops                        = true                           {product lp64_product} {ergonomic}
     bool UseG1GC                                  = true                                      {product} {ergonomic}
     bool UseLargePagesIndividualAllocation        = false                                  {pd product} {ergonomic}

Logging:
Log output configuration:
 #0: stdout all=warning uptime,level,tags
 #1: stderr all=off uptime,level,tags

Environment Variables:
PATH=C:\Program Files (x86)\Razer\ChromaBroadcast\bin;C:\Program Files\Razer\ChromaBroadcast\bin;C:\Program Files\Common Files\Oracle\Java\javapath;C:\Program Files (x86)\Common Files\Oracle\Java\javapath;C:\Windows\system32;C:\Windows;C:\Windows\System32\Wbem;C:\Windows\System32\WindowsPowerShell\v1.0\;C:\Windows\System32\OpenSSH\;C:\Program Files\Common Files\Autodesk Shared\;C:\Program Files\NVIDIA Corporation\NVIDIA NvDLISR;C:\Program Files (x86)\NVIDIA Corporation\PhysX\Common;C:\Program Files\Git\cmd;C:\Program Files\nodejs\;C:\Windows\system32\config\systemprofile\AppData\Local\Microsoft\WindowsApps;C:\Users\Havel\AppData\Local\Microsoft\WindowsApps;C:\Users\Havel\AppData\Roaming\npm;C:\Users\Havel\AppData\Local\Programs\Microsoft VS Code\bin
USERNAME=Havel
OS=Windows_NT
PROCESSOR_IDENTIFIER=AMD64 Family 23 Model 8 Stepping 2, AuthenticAMD



---------------  S Y S T E M  ---------------

OS:
 Windows 10 , 64 bit Build 19041 (10.0.19041.1566)
OS uptime: 0 days 9:33 hours

CPU: total 16 (initial active 16) (16 cores per cpu, 2 threads per core) family 23 model 8 stepping 2 microcode 0x0, cx8, cmov, fxsr, ht, mmx, 3dnowpref, sse, sse2, sse3, ssse3, sse4a, sse4.1, sse4.2, popcnt, lzcnt, tsc, tscinvbit, avx, avx2, aes, clmul, bmi1, bmi2, adx, sha, fma, vzeroupper, clflush, clflushopt

Memory: 4k page, system-wide physical 32678M (24774M free)
TotalPageFile size 37542M (AvailPageFile size 24857M)
current process WorkingSet (physical memory assigned to process): 120M, peak: 123M
current process commit charge ("private bytes"): 765M, peak: 765M

vm_info: OpenJDK 64-Bit Server VM (17.0.2+8-86) for windows-amd64 JRE (17.0.2+8-86), built on Dec  7 2021 21:49:10 by "mach5one" with MS VC++ 16.8 / 16.9 (VS2019)

END.
